Start testing: Apr 12 16:54 MSK
----------------------------------------------------------
1/4 Testing: Account.Exceptions
1/4 Test: Account.Exceptions
Command: "/Users/theblindpew/Lab05_TIMP/_build/bank_tests" "--gtest_filter=Account.Exceptions" "--gtest_also_run_disabled_tests"
Directory: /Users/theblindpew/Lab05_TIMP/_build
"Account.Exceptions" start time: Apr 12 16:54 MSK
Output:
----------------------------------------------------------
Note: Google Test filter = Account.Exceptions
[==========] Running 1 test from 1 test suite.
[----------] Global test environment set-up.
[----------] 1 test from Account
[ RUN      ] Account.Exceptions
[       OK ] Account.Exceptions (1 ms)
[----------] 1 test from Account (1 ms total)

[----------] Global test environment tear-down
[==========] 1 test from 1 test suite ran. (1 ms total)
[  PASSED  ] 1 test.
<end of output>
Test time =   0.02 sec
----------------------------------------------------------
Test Passed.
"Account.Exceptions" end time: Apr 12 16:54 MSK
"Account.Exceptions" time elapsed: 00:00:00
----------------------------------------------------------

2/4 Testing: Account.MockAcc
2/4 Test: Account.MockAcc
Command: "/Users/theblindpew/Lab05_TIMP/_build/bank_tests" "--gtest_filter=Account.MockAcc" "--gtest_also_run_disabled_tests"
Directory: /Users/theblindpew/Lab05_TIMP/_build
"Account.MockAcc" start time: Apr 12 16:54 MSK
Output:
----------------------------------------------------------
Note: Google Test filter = Account.MockAcc
[==========] Running 1 test from 1 test suite.
[----------] Global test environment set-up.
[----------] 1 test from Account
[ RUN      ] Account.MockAcc
[       OK ] Account.MockAcc (1 ms)
[----------] 1 test from Account (1 ms total)

[----------] Global test environment tear-down
[==========] 1 test from 1 test suite ran. (1 ms total)
[  PASSED  ] 1 test.
<end of output>
Test time =   0.01 sec
----------------------------------------------------------
Test Passed.
"Account.MockAcc" end time: Apr 12 16:54 MSK
"Account.MockAcc" time elapsed: 00:00:00
----------------------------------------------------------

3/4 Testing: Transaction.WithMock
3/4 Test: Transaction.WithMock
Command: "/Users/theblindpew/Lab05_TIMP/_build/bank_tests" "--gtest_filter=Transaction.WithMock" "--gtest_also_run_disabled_tests"
Directory: /Users/theblindpew/Lab05_TIMP/_build
"Transaction.WithMock" start time: Apr 12 16:54 MSK
Output:
----------------------------------------------------------
Note: Google Test filter = Transaction.WithMock
[==========] Running 1 test from 1 test suite.
[----------] Global test environment set-up.
[----------] 1 test from Transaction
[ RUN      ] Transaction.WithMock

GMOCK WARNING:
Uninteresting mock function call - returning directly.
    Function call: Lock()
NOTE: You can safely ignore the above warning unless this call should not happen.  Do not suppress it by blindly adding an EXPECT_CALL() if you don't mean to enforce the call.  See https://github.com/google/googletest/blob/master/googlemock/docs/cook_book.md#knowing-when-to-expect for details.

GMOCK WARNING:
Uninteresting mock function call - returning directly.
    Function call: ChangeBalance(2000)
NOTE: You can safely ignore the above warning unless this call should not happen.  Do not suppress it by blindly adding an EXPECT_CALL() if you don't mean to enforce the call.  See https://github.com/google/googletest/blob/master/googlemock/docs/cook_book.md#knowing-when-to-expect for details.

GMOCK WARNING:
Uninteresting mock function call - returning directly.
    Function call: ChangeBalance(-2100)
NOTE: You can safely ignore the above warning unless this call should not happen.  Do not suppress it by blindly adding an EXPECT_CALL() if you don't mean to enforce the call.  See https://github.com/google/googletest/blob/master/googlemock/docs/cook_book.md#knowing-when-to-expect for details.
5 send to 6 $2000
Balance 5 is 7000
Balance 6 is 20000

GMOCK WARNING:
Uninteresting mock function call - returning directly.
    Function call: Unlock()
NOTE: You can safely ignore the above warning unless this call should not happen.  Do not suppress it by blindly adding an EXPECT_CALL() if you don't mean to enforce the call.  See https://github.com/google/googletest/blob/master/googlemock/docs/cook_book.md#knowing-when-to-expect for details.
[       OK ] Transaction.WithMock (0 ms)
[----------] 1 test from Transaction (0 ms total)

[----------] Global test environment tear-down
[==========] 1 test from 1 test suite ran. (1 ms total)
[  PASSED  ] 1 test.
<end of output>
Test time =   0.01 sec
----------------------------------------------------------
Test Passed.
"Transaction.WithMock" end time: Apr 12 16:54 MSK
"Transaction.WithMock" time elapsed: 00:00:00
----------------------------------------------------------

4/4 Testing: Transaction.Exceptions
4/4 Test: Transaction.Exceptions
Command: "/Users/theblindpew/Lab05_TIMP/_build/bank_tests" "--gtest_filter=Transaction.Exceptions" "--gtest_also_run_disabled_tests"
Directory: /Users/theblindpew/Lab05_TIMP/_build
"Transaction.Exceptions" start time: Apr 12 16:54 MSK
Output:
----------------------------------------------------------
Note: Google Test filter = Transaction.Exceptions
[==========] Running 1 test from 1 test suite.
[----------] Global test environment set-up.
[----------] 1 test from Transaction
[ RUN      ] Transaction.Exceptions
[       OK ] Transaction.Exceptions (1 ms)
[----------] 1 test from Transaction (1 ms total)

[----------] Global test environment tear-down
[==========] 1 test from 1 test suite ran. (1 ms total)
[  PASSED  ] 1 test.
<end of output>
Test time =   0.01 sec
----------------------------------------------------------
Test Passed.
"Transaction.Exceptions" end time: Apr 12 16:54 MSK
"Transaction.Exceptions" time elapsed: 00:00:00
----------------------------------------------------------

End testing: Apr 12 16:54 MSK
