        -:    0:Source:_deps/googletest-src/googlemock/include/gmock/gmock-matchers.h
        -:    0:Graph:/Users/theblindpew/Lab05_TIMP/_build/CMakeFiles/bank_tests.dir/tests/test.cpp.gcno
        -:    0:Data:/Users/theblindpew/Lab05_TIMP/_build/CMakeFiles/bank_tests.dir/tests/test.cpp.gcda
        -:    0:Runs:38
        -:    0:Programs:1
        -:    1:// Copyright 2007, Google Inc.
        -:    2:// All rights reserved.
        -:    3://
        -:    4:// Redistribution and use in source and binary forms, with or without
        -:    5:// modification, are permitted provided that the following conditions are
        -:    6:// met:
        -:    7://
        -:    8://     * Redistributions of source code must retain the above copyright
        -:    9:// notice, this list of conditions and the following disclaimer.
        -:   10://     * Redistributions in binary form must reproduce the above
        -:   11:// copyright notice, this list of conditions and the following disclaimer
        -:   12:// in the documentation and/or other materials provided with the
        -:   13:// distribution.
        -:   14://     * Neither the name of Google Inc. nor the names of its
        -:   15:// contributors may be used to endorse or promote products derived from
        -:   16:// this software without specific prior written permission.
        -:   17://
        -:   18:// THIS SOFTWARE IS PROVIDED BY THE COPYRIGHT HOLDERS AND CONTRIBUTORS
        -:   19:// "AS IS" AND ANY EXPRESS OR IMPLIED WARRANTIES, INCLUDING, BUT NOT
        -:   20:// LIMITED TO, THE IMPLIED WARRANTIES OF MERCHANTABILITY AND FITNESS FOR
        -:   21:// A PARTICULAR PURPOSE ARE DISCLAIMED. IN NO EVENT SHALL THE COPYRIGHT
        -:   22:// OWNER OR CONTRIBUTORS BE LIABLE FOR ANY DIRECT, INDIRECT, INCIDENTAL,
        -:   23:// SPECIAL, EXEMPLARY, OR CONSEQUENTIAL DAMAGES (INCLUDING, BUT NOT
        -:   24:// LIMITED TO, PROCUREMENT OF SUBSTITUTE GOODS OR SERVICES; LOSS OF USE,
        -:   25:// DATA, OR PROFITS; OR BUSINESS INTERRUPTION) HOWEVER CAUSED AND ON ANY
        -:   26:// THEORY OF LIABILITY, WHETHER IN CONTRACT, STRICT LIABILITY, OR TORT
        -:   27:// (INCLUDING NEGLIGENCE OR OTHERWISE) ARISING IN ANY WAY OUT OF THE USE
        -:   28:// OF THIS SOFTWARE, EVEN IF ADVISED OF THE POSSIBILITY OF SUCH DAMAGE.
        -:   29:
        -:   30:
        -:   31:// Google Mock - a framework for writing C++ mock classes.
        -:   32://
        -:   33:// The MATCHER* family of macros can be used in a namespace scope to
        -:   34:// define custom matchers easily.
        -:   35://
        -:   36:// Basic Usage
        -:   37:// ===========
        -:   38://
        -:   39:// The syntax
        -:   40://
        -:   41://   MATCHER(name, description_string) { statements; }
        -:   42://
        -:   43:// defines a matcher with the given name that executes the statements,
        -:   44:// which must return a bool to indicate if the match succeeds.  Inside
        -:   45:// the statements, you can refer to the value being matched by 'arg',
        -:   46:// and refer to its type by 'arg_type'.
        -:   47://
        -:   48:// The description string documents what the matcher does, and is used
        -:   49:// to generate the failure message when the match fails.  Since a
        -:   50:// MATCHER() is usually defined in a header file shared by multiple
        -:   51:// C++ source files, we require the description to be a C-string
        -:   52:// literal to avoid possible side effects.  It can be empty, in which
        -:   53:// case we'll use the sequence of words in the matcher name as the
        -:   54:// description.
        -:   55://
        -:   56:// For example:
        -:   57://
        -:   58://   MATCHER(IsEven, "") { return (arg % 2) == 0; }
        -:   59://
        -:   60:// allows you to write
        -:   61://
        -:   62://   // Expects mock_foo.Bar(n) to be called where n is even.
        -:   63://   EXPECT_CALL(mock_foo, Bar(IsEven()));
        -:   64://
        -:   65:// or,
        -:   66://
        -:   67://   // Verifies that the value of some_expression is even.
        -:   68://   EXPECT_THAT(some_expression, IsEven());
        -:   69://
        -:   70:// If the above assertion fails, it will print something like:
        -:   71://
        -:   72://   Value of: some_expression
        -:   73://   Expected: is even
        -:   74://     Actual: 7
        -:   75://
        -:   76:// where the description "is even" is automatically calculated from the
        -:   77:// matcher name IsEven.
        -:   78://
        -:   79:// Argument Type
        -:   80:// =============
        -:   81://
        -:   82:// Note that the type of the value being matched (arg_type) is
        -:   83:// determined by the context in which you use the matcher and is
        -:   84:// supplied to you by the compiler, so you don't need to worry about
        -:   85:// declaring it (nor can you).  This allows the matcher to be
        -:   86:// polymorphic.  For example, IsEven() can be used to match any type
        -:   87:// where the value of "(arg % 2) == 0" can be implicitly converted to
        -:   88:// a bool.  In the "Bar(IsEven())" example above, if method Bar()
        -:   89:// takes an int, 'arg_type' will be int; if it takes an unsigned long,
        -:   90:// 'arg_type' will be unsigned long; and so on.
        -:   91://
        -:   92:// Parameterizing Matchers
        -:   93:// =======================
        -:   94://
        -:   95:// Sometimes you'll want to parameterize the matcher.  For that you
        -:   96:// can use another macro:
        -:   97://
        -:   98://   MATCHER_P(name, param_name, description_string) { statements; }
        -:   99://
        -:  100:// For example:
        -:  101://
        -:  102://   MATCHER_P(HasAbsoluteValue, value, "") { return abs(arg) == value; }
        -:  103://
        -:  104:// will allow you to write:
        -:  105://
        -:  106://   EXPECT_THAT(Blah("a"), HasAbsoluteValue(n));
        -:  107://
        -:  108:// which may lead to this message (assuming n is 10):
        -:  109://
        -:  110://   Value of: Blah("a")
        -:  111://   Expected: has absolute value 10
        -:  112://     Actual: -9
        -:  113://
        -:  114:// Note that both the matcher description and its parameter are
        -:  115:// printed, making the message human-friendly.
        -:  116://
        -:  117:// In the matcher definition body, you can write 'foo_type' to
        -:  118:// reference the type of a parameter named 'foo'.  For example, in the
        -:  119:// body of MATCHER_P(HasAbsoluteValue, value) above, you can write
        -:  120:// 'value_type' to refer to the type of 'value'.
        -:  121://
        -:  122:// We also provide MATCHER_P2, MATCHER_P3, ..., up to MATCHER_P$n to
        -:  123:// support multi-parameter matchers.
        -:  124://
        -:  125:// Describing Parameterized Matchers
        -:  126:// =================================
        -:  127://
        -:  128:// The last argument to MATCHER*() is a string-typed expression.  The
        -:  129:// expression can reference all of the matcher's parameters and a
        -:  130:// special bool-typed variable named 'negation'.  When 'negation' is
        -:  131:// false, the expression should evaluate to the matcher's description;
        -:  132:// otherwise it should evaluate to the description of the negation of
        -:  133:// the matcher.  For example,
        -:  134://
        -:  135://   using testing::PrintToString;
        -:  136://
        -:  137://   MATCHER_P2(InClosedRange, low, hi,
        -:  138://       std::string(negation ? "is not" : "is") + " in range [" +
        -:  139://       PrintToString(low) + ", " + PrintToString(hi) + "]") {
        -:  140://     return low <= arg && arg <= hi;
        -:  141://   }
        -:  142://   ...
        -:  143://   EXPECT_THAT(3, InClosedRange(4, 6));
        -:  144://   EXPECT_THAT(3, Not(InClosedRange(2, 4)));
        -:  145://
        -:  146:// would generate two failures that contain the text:
        -:  147://
        -:  148://   Expected: is in range [4, 6]
        -:  149://   ...
        -:  150://   Expected: is not in range [2, 4]
        -:  151://
        -:  152:// If you specify "" as the description, the failure message will
        -:  153:// contain the sequence of words in the matcher name followed by the
        -:  154:// parameter values printed as a tuple.  For example,
        -:  155://
        -:  156://   MATCHER_P2(InClosedRange, low, hi, "") { ... }
        -:  157://   ...
        -:  158://   EXPECT_THAT(3, InClosedRange(4, 6));
        -:  159://   EXPECT_THAT(3, Not(InClosedRange(2, 4)));
        -:  160://
        -:  161:// would generate two failures that contain the text:
        -:  162://
        -:  163://   Expected: in closed range (4, 6)
        -:  164://   ...
        -:  165://   Expected: not (in closed range (2, 4))
        -:  166://
        -:  167:// Types of Matcher Parameters
        -:  168:// ===========================
        -:  169://
        -:  170:// For the purpose of typing, you can view
        -:  171://
        -:  172://   MATCHER_Pk(Foo, p1, ..., pk, description_string) { ... }
        -:  173://
        -:  174:// as shorthand for
        -:  175://
        -:  176://   template <typename p1_type, ..., typename pk_type>
        -:  177://   FooMatcherPk<p1_type, ..., pk_type>
        -:  178://   Foo(p1_type p1, ..., pk_type pk) { ... }
        -:  179://
        -:  180:// When you write Foo(v1, ..., vk), the compiler infers the types of
        -:  181:// the parameters v1, ..., and vk for you.  If you are not happy with
        -:  182:// the result of the type inference, you can specify the types by
        -:  183:// explicitly instantiating the template, as in Foo<long, bool>(5,
        -:  184:// false).  As said earlier, you don't get to (or need to) specify
        -:  185:// 'arg_type' as that's determined by the context in which the matcher
        -:  186:// is used.  You can assign the result of expression Foo(p1, ..., pk)
        -:  187:// to a variable of type FooMatcherPk<p1_type, ..., pk_type>.  This
        -:  188:// can be useful when composing matchers.
        -:  189://
        -:  190:// While you can instantiate a matcher template with reference types,
        -:  191:// passing the parameters by pointer usually makes your code more
        -:  192:// readable.  If, however, you still want to pass a parameter by
        -:  193:// reference, be aware that in the failure message generated by the
        -:  194:// matcher you will see the value of the referenced object but not its
        -:  195:// address.
        -:  196://
        -:  197:// Explaining Match Results
        -:  198:// ========================
        -:  199://
        -:  200:// Sometimes the matcher description alone isn't enough to explain why
        -:  201:// the match has failed or succeeded.  For example, when expecting a
        -:  202:// long string, it can be very helpful to also print the diff between
        -:  203:// the expected string and the actual one.  To achieve that, you can
        -:  204:// optionally stream additional information to a special variable
        -:  205:// named result_listener, whose type is a pointer to class
        -:  206:// MatchResultListener:
        -:  207://
        -:  208://   MATCHER_P(EqualsLongString, str, "") {
        -:  209://     if (arg == str) return true;
        -:  210://
        -:  211://     *result_listener << "the difference: "
        -:  212:///                     << DiffStrings(str, arg);
        -:  213://     return false;
        -:  214://   }
        -:  215://
        -:  216:// Overloading Matchers
        -:  217:// ====================
        -:  218://
        -:  219:// You can overload matchers with different numbers of parameters:
        -:  220://
        -:  221://   MATCHER_P(Blah, a, description_string1) { ... }
        -:  222://   MATCHER_P2(Blah, a, b, description_string2) { ... }
        -:  223://
        -:  224:// Caveats
        -:  225:// =======
        -:  226://
        -:  227:// When defining a new matcher, you should also consider implementing
        -:  228:// MatcherInterface or using MakePolymorphicMatcher().  These
        -:  229:// approaches require more work than the MATCHER* macros, but also
        -:  230:// give you more control on the types of the value being matched and
        -:  231:// the matcher parameters, which may leads to better compiler error
        -:  232:// messages when the matcher is used wrong.  They also allow
        -:  233:// overloading matchers based on parameter types (as opposed to just
        -:  234:// based on the number of parameters).
        -:  235://
        -:  236:// MATCHER*() can only be used in a namespace scope as templates cannot be
        -:  237:// declared inside of a local class.
        -:  238://
        -:  239:// More Information
        -:  240:// ================
        -:  241://
        -:  242:// To learn more about using these macros, please search for 'MATCHER'
        -:  243:// on
        -:  244:// https://github.com/google/googletest/blob/master/googlemock/docs/cook_book.md
        -:  245://
        -:  246:// This file also implements some commonly used argument matchers.  More
        -:  247:// matchers can be defined by the user implementing the
        -:  248:// MatcherInterface<T> interface if necessary.
        -:  249://
        -:  250:// See googletest/include/gtest/gtest-matchers.h for the definition of class
        -:  251:// Matcher, class MatcherInterface, and others.
        -:  252:
        -:  253:// GOOGLETEST_CM0002 DO NOT DELETE
        -:  254:
        -:  255:#ifndef GMOCK_INCLUDE_GMOCK_GMOCK_MATCHERS_H_
        -:  256:#define GMOCK_INCLUDE_GMOCK_GMOCK_MATCHERS_H_
        -:  257:
        -:  258:#include <algorithm>
        -:  259:#include <cmath>
        -:  260:#include <initializer_list>
        -:  261:#include <iterator>
        -:  262:#include <limits>
        -:  263:#include <memory>
        -:  264:#include <ostream>  // NOLINT
        -:  265:#include <sstream>
        -:  266:#include <string>
        -:  267:#include <type_traits>
        -:  268:#include <utility>
        -:  269:#include <vector>
        -:  270:
        -:  271:#include "gmock/internal/gmock-internal-utils.h"
        -:  272:#include "gmock/internal/gmock-port.h"
        -:  273:#include "gmock/internal/gmock-pp.h"
        -:  274:#include "gtest/gtest.h"
        -:  275:
        -:  276:// MSVC warning C5046 is new as of VS2017 version 15.8.
        -:  277:#if defined(_MSC_VER) && _MSC_VER >= 1915
        -:  278:#define GMOCK_MAYBE_5046_ 5046
        -:  279:#else
        -:  280:#define GMOCK_MAYBE_5046_
        -:  281:#endif
        -:  282:
        -:  283:GTEST_DISABLE_MSC_WARNINGS_PUSH_(
        -:  284:    4251 GMOCK_MAYBE_5046_ /* class A needs to have dll-interface to be used by
        -:  285:                              clients of class B */
        -:  286:    /* Symbol involving type with internal linkage not defined */)
        -:  287:
        -:  288:namespace testing {
        -:  289:
        -:  290:// To implement a matcher Foo for type T, define:
        -:  291://   1. a class FooMatcherImpl that implements the
        -:  292://      MatcherInterface<T> interface, and
        -:  293://   2. a factory function that creates a Matcher<T> object from a
        -:  294://      FooMatcherImpl*.
        -:  295://
        -:  296:// The two-level delegation design makes it possible to allow a user
        -:  297:// to write "v" instead of "Eq(v)" where a Matcher is expected, which
        -:  298:// is impossible if we pass matchers by pointers.  It also eases
        -:  299:// ownership management as Matcher objects can now be copied like
        -:  300:// plain values.
        -:  301:
        -:  302:// A match result listener that stores the explanation in a string.
    #####:  303:class StringMatchResultListener : public MatchResultListener {
        -:  304: public:
    #####:  305:  StringMatchResultListener() : MatchResultListener(&ss_) {}
        -:  306:
        -:  307:  // Returns the explanation accumulated so far.
    #####:  308:  std::string str() const { return ss_.str(); }
        -:  309:
        -:  310:  // Clears the explanation accumulated so far.
        -:  311:  void Clear() { ss_.str(""); }
        -:  312:
        -:  313: private:
        -:  314:  ::std::stringstream ss_;
        -:  315:
        -:  316:  GTEST_DISALLOW_COPY_AND_ASSIGN_(StringMatchResultListener);
        -:  317:};
        -:  318:
        -:  319:// Anything inside the 'internal' namespace IS INTERNAL IMPLEMENTATION
        -:  320:// and MUST NOT BE USED IN USER CODE!!!
        -:  321:namespace internal {
        -:  322:
        -:  323:// The MatcherCastImpl class template is a helper for implementing
        -:  324:// MatcherCast().  We need this helper in order to partially
        -:  325:// specialize the implementation of MatcherCast() (C++ allows
        -:  326:// class/struct templates to be partially specialized, but not
        -:  327:// function templates.).
        -:  328:
        -:  329:// This general version is used when MatcherCast()'s argument is a
        -:  330:// polymorphic matcher (i.e. something that can be converted to a
        -:  331:// Matcher but is not one yet; for example, Eq(value)) or a value (for
        -:  332:// example, "hello").
        -:  333:template <typename T, typename M>
        -:  334:class MatcherCastImpl {
        -:  335: public:
        -:  336:  static Matcher<T> Cast(const M& polymorphic_matcher_or_value) {
        -:  337:    // M can be a polymorphic matcher, in which case we want to use
        -:  338:    // its conversion operator to create Matcher<T>.  Or it can be a value
        -:  339:    // that should be passed to the Matcher<T>'s constructor.
        -:  340:    //
        -:  341:    // We can't call Matcher<T>(polymorphic_matcher_or_value) when M is a
        -:  342:    // polymorphic matcher because it'll be ambiguous if T has an implicit
        -:  343:    // constructor from M (this usually happens when T has an implicit
        -:  344:    // constructor from any type).
        -:  345:    //
        -:  346:    // It won't work to unconditionally implict_cast
        -:  347:    // polymorphic_matcher_or_value to Matcher<T> because it won't trigger
        -:  348:    // a user-defined conversion from M to T if one exists (assuming M is
        -:  349:    // a value).
        -:  350:    return CastImpl(polymorphic_matcher_or_value,
        -:  351:                    std::is_convertible<M, Matcher<T>>{},
        -:  352:                    std::is_convertible<M, T>{});
        -:  353:  }
        -:  354:
        -:  355: private:
        -:  356:  template <bool Ignore>
        -:  357:  static Matcher<T> CastImpl(const M& polymorphic_matcher_or_value,
        -:  358:                             std::true_type /* convertible_to_matcher */,
        -:  359:                             std::integral_constant<bool, Ignore>) {
        -:  360:    // M is implicitly convertible to Matcher<T>, which means that either
        -:  361:    // M is a polymorphic matcher or Matcher<T> has an implicit constructor
        -:  362:    // from M.  In both cases using the implicit conversion will produce a
        -:  363:    // matcher.
        -:  364:    //
        -:  365:    // Even if T has an implicit constructor from M, it won't be called because
        -:  366:    // creating Matcher<T> would require a chain of two user-defined conversions
        -:  367:    // (first to create T from M and then to create Matcher<T> from T).
        -:  368:    return polymorphic_matcher_or_value;
        -:  369:  }
        -:  370:
        -:  371:  // M can't be implicitly converted to Matcher<T>, so M isn't a polymorphic
        -:  372:  // matcher. It's a value of a type implicitly convertible to T. Use direct
        -:  373:  // initialization to create a matcher.
        -:  374:  static Matcher<T> CastImpl(const M& value,
        -:  375:                             std::false_type /* convertible_to_matcher */,
        -:  376:                             std::true_type /* convertible_to_T */) {
        -:  377:    return Matcher<T>(ImplicitCast_<T>(value));
        -:  378:  }
        -:  379:
        -:  380:  // M can't be implicitly converted to either Matcher<T> or T. Attempt to use
        -:  381:  // polymorphic matcher Eq(value) in this case.
        -:  382:  //
        -:  383:  // Note that we first attempt to perform an implicit cast on the value and
        -:  384:  // only fall back to the polymorphic Eq() matcher afterwards because the
        -:  385:  // latter calls bool operator==(const Lhs& lhs, const Rhs& rhs) in the end
        -:  386:  // which might be undefined even when Rhs is implicitly convertible to Lhs
        -:  387:  // (e.g. std::pair<const int, int> vs. std::pair<int, int>).
        -:  388:  //
        -:  389:  // We don't define this method inline as we need the declaration of Eq().
        -:  390:  static Matcher<T> CastImpl(const M& value,
        -:  391:                             std::false_type /* convertible_to_matcher */,
        -:  392:                             std::false_type /* convertible_to_T */);
        -:  393:};
        -:  394:
        -:  395:// This more specialized version is used when MatcherCast()'s argument
        -:  396:// is already a Matcher.  This only compiles when type T can be
        -:  397:// statically converted to type U.
        -:  398:template <typename T, typename U>
        -:  399:class MatcherCastImpl<T, Matcher<U> > {
        -:  400: public:
        -:  401:  static Matcher<T> Cast(const Matcher<U>& source_matcher) {
        -:  402:    return Matcher<T>(new Impl(source_matcher));
        -:  403:  }
        -:  404:
        -:  405: private:
        -:  406:  class Impl : public MatcherInterface<T> {
        -:  407:   public:
        -:  408:    explicit Impl(const Matcher<U>& source_matcher)
        -:  409:        : source_matcher_(source_matcher) {}
        -:  410:
        -:  411:    // We delegate the matching logic to the source matcher.
        -:  412:    bool MatchAndExplain(T x, MatchResultListener* listener) const override {
        -:  413:      using FromType = typename std::remove_cv<typename std::remove_pointer<
        -:  414:          typename std::remove_reference<T>::type>::type>::type;
        -:  415:      using ToType = typename std::remove_cv<typename std::remove_pointer<
        -:  416:          typename std::remove_reference<U>::type>::type>::type;
        -:  417:      // Do not allow implicitly converting base*/& to derived*/&.
        -:  418:      static_assert(
        -:  419:          // Do not trigger if only one of them is a pointer. That implies a
        -:  420:          // regular conversion and not a down_cast.
        -:  421:          (std::is_pointer<typename std::remove_reference<T>::type>::value !=
        -:  422:           std::is_pointer<typename std::remove_reference<U>::type>::value) ||
        -:  423:              std::is_same<FromType, ToType>::value ||
        -:  424:              !std::is_base_of<FromType, ToType>::value,
        -:  425:          "Can't implicitly convert from <base> to <derived>");
        -:  426:
        -:  427:      // Do the cast to `U` explicitly if necessary.
        -:  428:      // Otherwise, let implicit conversions do the trick.
        -:  429:      using CastType =
        -:  430:          typename std::conditional<std::is_convertible<T&, const U&>::value,
        -:  431:                                    T&, U>::type;
        -:  432:
        -:  433:      return source_matcher_.MatchAndExplain(static_cast<CastType>(x),
        -:  434:                                             listener);
        -:  435:    }
        -:  436:
        -:  437:    void DescribeTo(::std::ostream* os) const override {
        -:  438:      source_matcher_.DescribeTo(os);
        -:  439:    }
        -:  440:
        -:  441:    void DescribeNegationTo(::std::ostream* os) const override {
        -:  442:      source_matcher_.DescribeNegationTo(os);
        -:  443:    }
        -:  444:
        -:  445:   private:
        -:  446:    const Matcher<U> source_matcher_;
        -:  447:  };
        -:  448:};
        -:  449:
        -:  450:// This even more specialized version is used for efficiently casting
        -:  451:// a matcher to its own type.
        -:  452:template <typename T>
        -:  453:class MatcherCastImpl<T, Matcher<T> > {
        -:  454: public:
        -:  455:  static Matcher<T> Cast(const Matcher<T>& matcher) { return matcher; }
        -:  456:};
        -:  457:
        -:  458:// Template specialization for parameterless Matcher.
        -:  459:template <typename Derived>
        -:  460:class MatcherBaseImpl {
        -:  461: public:
        -:  462:  MatcherBaseImpl() = default;
        -:  463:
        -:  464:  template <typename T>
        -:  465:  operator ::testing::Matcher<T>() const {  // NOLINT(runtime/explicit)
        -:  466:    return ::testing::Matcher<T>(new
        -:  467:                                 typename Derived::template gmock_Impl<T>());
        -:  468:  }
        -:  469:};
        -:  470:
        -:  471:// Template specialization for Matcher with parameters.
        -:  472:template <template <typename...> class Derived, typename... Ts>
        -:  473:class MatcherBaseImpl<Derived<Ts...>> {
        -:  474: public:
        -:  475:  // Mark the constructor explicit for single argument T to avoid implicit
        -:  476:  // conversions.
        -:  477:  template <typename E = std::enable_if<sizeof...(Ts) == 1>,
        -:  478:            typename E::type* = nullptr>
        -:  479:  explicit MatcherBaseImpl(Ts... params)
        -:  480:      : params_(std::forward<Ts>(params)...) {}
        -:  481:  template <typename E = std::enable_if<sizeof...(Ts) != 1>,
        -:  482:            typename = typename E::type>
        -:  483:  MatcherBaseImpl(Ts... params)  // NOLINT
        -:  484:      : params_(std::forward<Ts>(params)...) {}
        -:  485:
        -:  486:  template <typename F>
        -:  487:  operator ::testing::Matcher<F>() const {  // NOLINT(runtime/explicit)
        -:  488:    return Apply<F>(MakeIndexSequence<sizeof...(Ts)>{});
        -:  489:  }
        -:  490:
        -:  491: private:
        -:  492:  template <typename F, std::size_t... tuple_ids>
        -:  493:  ::testing::Matcher<F> Apply(IndexSequence<tuple_ids...>) const {
        -:  494:    return ::testing::Matcher<F>(
        -:  495:        new typename Derived<Ts...>::template gmock_Impl<F>(
        -:  496:            std::get<tuple_ids>(params_)...));
        -:  497:  }
        -:  498:
        -:  499:  const std::tuple<Ts...> params_;
        -:  500:};
        -:  501:
        -:  502:}  // namespace internal
        -:  503:
        -:  504:// In order to be safe and clear, casting between different matcher
        -:  505:// types is done explicitly via MatcherCast<T>(m), which takes a
        -:  506:// matcher m and returns a Matcher<T>.  It compiles only when T can be
        -:  507:// statically converted to the argument type of m.
        -:  508:template <typename T, typename M>
        -:  509:inline Matcher<T> MatcherCast(const M& matcher) {
        -:  510:  return internal::MatcherCastImpl<T, M>::Cast(matcher);
        -:  511:}
        -:  512:
        -:  513:// This overload handles polymorphic matchers and values only since
        -:  514:// monomorphic matchers are handled by the next one.
        -:  515:template <typename T, typename M>
        -:  516:inline Matcher<T> SafeMatcherCast(const M& polymorphic_matcher_or_value) {
        -:  517:  return MatcherCast<T>(polymorphic_matcher_or_value);
        -:  518:}
        -:  519:
        -:  520:// This overload handles monomorphic matchers.
        -:  521://
        -:  522:// In general, if type T can be implicitly converted to type U, we can
        -:  523:// safely convert a Matcher<U> to a Matcher<T> (i.e. Matcher is
        -:  524:// contravariant): just keep a copy of the original Matcher<U>, convert the
        -:  525:// argument from type T to U, and then pass it to the underlying Matcher<U>.
        -:  526:// The only exception is when U is a reference and T is not, as the
        -:  527:// underlying Matcher<U> may be interested in the argument's address, which
        -:  528:// is not preserved in the conversion from T to U.
        -:  529:template <typename T, typename U>
        -:  530:inline Matcher<T> SafeMatcherCast(const Matcher<U>& matcher) {
        -:  531:  // Enforce that T can be implicitly converted to U.
        -:  532:  static_assert(std::is_convertible<const T&, const U&>::value,
        -:  533:                "T must be implicitly convertible to U");
        -:  534:  // Enforce that we are not converting a non-reference type T to a reference
        -:  535:  // type U.
        -:  536:  GTEST_COMPILE_ASSERT_(
        -:  537:      std::is_reference<T>::value || !std::is_reference<U>::value,
        -:  538:      cannot_convert_non_reference_arg_to_reference);
        -:  539:  // In case both T and U are arithmetic types, enforce that the
        -:  540:  // conversion is not lossy.
        -:  541:  typedef GTEST_REMOVE_REFERENCE_AND_CONST_(T) RawT;
        -:  542:  typedef GTEST_REMOVE_REFERENCE_AND_CONST_(U) RawU;
        -:  543:  constexpr bool kTIsOther = GMOCK_KIND_OF_(RawT) == internal::kOther;
        -:  544:  constexpr bool kUIsOther = GMOCK_KIND_OF_(RawU) == internal::kOther;
        -:  545:  GTEST_COMPILE_ASSERT_(
        -:  546:      kTIsOther || kUIsOther ||
        -:  547:      (internal::LosslessArithmeticConvertible<RawT, RawU>::value),
        -:  548:      conversion_of_arithmetic_types_must_be_lossless);
        -:  549:  return MatcherCast<T>(matcher);
        -:  550:}
        -:  551:
        -:  552:// A<T>() returns a matcher that matches any value of type T.
        -:  553:template <typename T>
        -:  554:Matcher<T> A();
        -:  555:
        -:  556:// Anything inside the 'internal' namespace IS INTERNAL IMPLEMENTATION
        -:  557:// and MUST NOT BE USED IN USER CODE!!!
        -:  558:namespace internal {
        -:  559:
        -:  560:// If the explanation is not empty, prints it to the ostream.
    #####:  561:inline void PrintIfNotEmpty(const std::string& explanation,
        -:  562:                            ::std::ostream* os) {
    #####:  563:  if (explanation != "" && os != nullptr) {
    #####:  564:    *os << ", " << explanation;
    #####:  565:  }
    #####:  566:}
        -:  567:
        -:  568:// Returns true if the given type name is easy to read by a human.
        -:  569:// This is used to decide whether printing the type of a value might
        -:  570:// be helpful.
        -:  571:inline bool IsReadableTypeName(const std::string& type_name) {
        -:  572:  // We consider a type name readable if it's short or doesn't contain
        -:  573:  // a template or function type.
        -:  574:  return (type_name.length() <= 20 ||
        -:  575:          type_name.find_first_of("<(") == std::string::npos);
        -:  576:}
        -:  577:
        -:  578:// Matches the value against the given matcher, prints the value and explains
        -:  579:// the match result to the listener. Returns the match result.
        -:  580:// 'listener' must not be NULL.
        -:  581:// Value cannot be passed by const reference, because some matchers take a
        -:  582:// non-const argument.
        -:  583:template <typename Value, typename T>
        -:  584:bool MatchPrintAndExplain(Value& value, const Matcher<T>& matcher,
        -:  585:                          MatchResultListener* listener) {
        -:  586:  if (!listener->IsInterested()) {
        -:  587:    // If the listener is not interested, we do not need to construct the
        -:  588:    // inner explanation.
        -:  589:    return matcher.Matches(value);
        -:  590:  }
        -:  591:
        -:  592:  StringMatchResultListener inner_listener;
        -:  593:  const bool match = matcher.MatchAndExplain(value, &inner_listener);
        -:  594:
        -:  595:  UniversalPrint(value, listener->stream());
        -:  596:#if GTEST_HAS_RTTI
        -:  597:  const std::string& type_name = GetTypeName<Value>();
        -:  598:  if (IsReadableTypeName(type_name))
        -:  599:    *listener->stream() << " (of type " << type_name << ")";
        -:  600:#endif
        -:  601:  PrintIfNotEmpty(inner_listener.str(), listener->stream());
        -:  602:
        -:  603:  return match;
        -:  604:}
        -:  605:
        -:  606:// An internal helper class for doing compile-time loop on a tuple's
        -:  607:// fields.
        -:  608:template <size_t N>
        -:  609:class TuplePrefix {
        -:  610: public:
        -:  611:  // TuplePrefix<N>::Matches(matcher_tuple, value_tuple) returns true
        -:  612:  // if and only if the first N fields of matcher_tuple matches
        -:  613:  // the first N fields of value_tuple, respectively.
        -:  614:  template <typename MatcherTuple, typename ValueTuple>
        9:  615:  static bool Matches(const MatcherTuple& matcher_tuple,
        -:  616:                      const ValueTuple& value_tuple) {
       18:  617:    return TuplePrefix<N - 1>::Matches(matcher_tuple, value_tuple) &&
        9:  618:           std::get<N - 1>(matcher_tuple).Matches(std::get<N - 1>(value_tuple));
        -:  619:  }
        -:  620:
        -:  621:  // TuplePrefix<N>::ExplainMatchFailuresTo(matchers, values, os)
        -:  622:  // describes failures in matching the first N fields of matchers
        -:  623:  // against the first N fields of values.  If there is no failure,
        -:  624:  // nothing will be streamed to os.
        -:  625:  template <typename MatcherTuple, typename ValueTuple>
    #####:  626:  static void ExplainMatchFailuresTo(const MatcherTuple& matchers,
        -:  627:                                     const ValueTuple& values,
        -:  628:                                     ::std::ostream* os) {
        -:  629:    // First, describes failures in the first N - 1 fields.
    #####:  630:    TuplePrefix<N - 1>::ExplainMatchFailuresTo(matchers, values, os);
        -:  631:
        -:  632:    // Then describes the failure (if any) in the (N - 1)-th (0-based)
        -:  633:    // field.
        -:  634:    typename std::tuple_element<N - 1, MatcherTuple>::type matcher =
    #####:  635:        std::get<N - 1>(matchers);
        -:  636:    typedef typename std::tuple_element<N - 1, ValueTuple>::type Value;
    #####:  637:    const Value& value = std::get<N - 1>(values);
    #####:  638:    StringMatchResultListener listener;
    #####:  639:    if (!matcher.MatchAndExplain(value, &listener)) {
    #####:  640:      *os << "  Expected arg #" << N - 1 << ": ";
    #####:  641:      std::get<N - 1>(matchers).DescribeTo(os);
    #####:  642:      *os << "\n           Actual: ";
        -:  643:      // We remove the reference in type Value to prevent the
        -:  644:      // universal printer from printing the address of value, which
        -:  645:      // isn't interesting to the user most of the time.  The
        -:  646:      // matcher's MatchAndExplain() method handles the case when
        -:  647:      // the address is interesting.
    #####:  648:      internal::UniversalPrint(value, os);
    #####:  649:      PrintIfNotEmpty(listener.str(), os);
    #####:  650:      *os << "\n";
    #####:  651:    }
    #####:  652:  }
        -:  653:};
        -:  654:
        -:  655:// The base case.
        -:  656:template <>
        -:  657:class TuplePrefix<0> {
        -:  658: public:
        -:  659:  template <typename MatcherTuple, typename ValueTuple>
       54:  660:  static bool Matches(const MatcherTuple& /* matcher_tuple */,
        -:  661:                      const ValueTuple& /* value_tuple */) {
       54:  662:    return true;
        -:  663:  }
        -:  664:
        -:  665:  template <typename MatcherTuple, typename ValueTuple>
    #####:  666:  static void ExplainMatchFailuresTo(const MatcherTuple& /* matchers */,
        -:  667:                                     const ValueTuple& /* values */,
    #####:  668:                                     ::std::ostream* /* os */) {}
        -:  669:};
        -:  670:
        -:  671:// TupleMatches(matcher_tuple, value_tuple) returns true if and only if
        -:  672:// all matchers in matcher_tuple match the corresponding fields in
        -:  673:// value_tuple.  It is a compiler error if matcher_tuple and
        -:  674:// value_tuple have different number of fields or incompatible field
        -:  675:// types.
        -:  676:template <typename MatcherTuple, typename ValueTuple>
       54:  677:bool TupleMatches(const MatcherTuple& matcher_tuple,
        -:  678:                  const ValueTuple& value_tuple) {
        -:  679:  // Makes sure that matcher_tuple and value_tuple have the same
        -:  680:  // number of fields.
        -:  681:  GTEST_COMPILE_ASSERT_(std::tuple_size<MatcherTuple>::value ==
        -:  682:                            std::tuple_size<ValueTuple>::value,
        -:  683:                        matcher_and_value_have_different_numbers_of_fields);
      108:  684:  return TuplePrefix<std::tuple_size<ValueTuple>::value>::Matches(matcher_tuple,
       54:  685:                                                                  value_tuple);
        -:  686:}
        -:  687:
        -:  688:// Describes failures in matching matchers against values.  If there
        -:  689:// is no failure, nothing will be streamed to os.
        -:  690:template <typename MatcherTuple, typename ValueTuple>
    #####:  691:void ExplainMatchFailureTupleTo(const MatcherTuple& matchers,
        -:  692:                                const ValueTuple& values,
        -:  693:                                ::std::ostream* os) {
    #####:  694:  TuplePrefix<std::tuple_size<MatcherTuple>::value>::ExplainMatchFailuresTo(
    #####:  695:      matchers, values, os);
    #####:  696:}
        -:  697:
        -:  698:// TransformTupleValues and its helper.
        -:  699://
        -:  700:// TransformTupleValuesHelper hides the internal machinery that
        -:  701:// TransformTupleValues uses to implement a tuple traversal.
        -:  702:template <typename Tuple, typename Func, typename OutIter>
        -:  703:class TransformTupleValuesHelper {
        -:  704: private:
        -:  705:  typedef ::std::tuple_size<Tuple> TupleSize;
        -:  706:
        -:  707: public:
        -:  708:  // For each member of tuple 't', taken in order, evaluates '*out++ = f(t)'.
        -:  709:  // Returns the final value of 'out' in case the caller needs it.
        -:  710:  static OutIter Run(Func f, const Tuple& t, OutIter out) {
        -:  711:    return IterateOverTuple<Tuple, TupleSize::value>()(f, t, out);
        -:  712:  }
        -:  713:
        -:  714: private:
        -:  715:  template <typename Tup, size_t kRemainingSize>
        -:  716:  struct IterateOverTuple {
        -:  717:    OutIter operator() (Func f, const Tup& t, OutIter out) const {
        -:  718:      *out++ = f(::std::get<TupleSize::value - kRemainingSize>(t));
        -:  719:      return IterateOverTuple<Tup, kRemainingSize - 1>()(f, t, out);
        -:  720:    }
        -:  721:  };
        -:  722:  template <typename Tup>
        -:  723:  struct IterateOverTuple<Tup, 0> {
        -:  724:    OutIter operator() (Func /* f */, const Tup& /* t */, OutIter out) const {
        -:  725:      return out;
        -:  726:    }
        -:  727:  };
        -:  728:};
        -:  729:
        -:  730:// Successively invokes 'f(element)' on each element of the tuple 't',
        -:  731:// appending each result to the 'out' iterator. Returns the final value
        -:  732:// of 'out'.
        -:  733:template <typename Tuple, typename Func, typename OutIter>
        -:  734:OutIter TransformTupleValues(Func f, const Tuple& t, OutIter out) {
        -:  735:  return TransformTupleValuesHelper<Tuple, Func, OutIter>::Run(f, t, out);
        -:  736:}
        -:  737:
        -:  738:// Implements _, a matcher that matches any value of any
        -:  739:// type.  This is a polymorphic matcher, so we need a template type
        -:  740:// conversion operator to make it appearing as a Matcher<T> for any
        -:  741:// type T.
        -:  742:class AnythingMatcher {
        -:  743: public:
        -:  744:  using is_gtest_matcher = void;
        -:  745:
        -:  746:  template <typename T>
       54:  747:  bool MatchAndExplain(const T& /* x */, std::ostream* /* listener */) const {
       54:  748:    return true;
        -:  749:  }
    #####:  750:  void DescribeTo(std::ostream* os) const { *os << "is anything"; }
    #####:  751:  void DescribeNegationTo(::std::ostream* os) const {
        -:  752:    // This is mostly for completeness' sake, as it's not very useful
        -:  753:    // to write Not(A<bool>()).  However we cannot completely rule out
        -:  754:    // such a possibility, and it doesn't hurt to be prepared.
    #####:  755:    *os << "never matches";
    #####:  756:  }
        -:  757:};
        -:  758:
        -:  759:// Implements the polymorphic IsNull() matcher, which matches any raw or smart
        -:  760:// pointer that is NULL.
        -:  761:class IsNullMatcher {
        -:  762: public:
        -:  763:  template <typename Pointer>
        -:  764:  bool MatchAndExplain(const Pointer& p,
        -:  765:                       MatchResultListener* /* listener */) const {
        -:  766:    return p == nullptr;
        -:  767:  }
        -:  768:
        -:  769:  void DescribeTo(::std::ostream* os) const { *os << "is NULL"; }
        -:  770:  void DescribeNegationTo(::std::ostream* os) const {
        -:  771:    *os << "isn't NULL";
        -:  772:  }
        -:  773:};
        -:  774:
        -:  775:// Implements the polymorphic NotNull() matcher, which matches any raw or smart
        -:  776:// pointer that is not NULL.
        -:  777:class NotNullMatcher {
        -:  778: public:
        -:  779:  template <typename Pointer>
        -:  780:  bool MatchAndExplain(const Pointer& p,
        -:  781:                       MatchResultListener* /* listener */) const {
        -:  782:    return p != nullptr;
        -:  783:  }
        -:  784:
        -:  785:  void DescribeTo(::std::ostream* os) const { *os << "isn't NULL"; }
        -:  786:  void DescribeNegationTo(::std::ostream* os) const {
        -:  787:    *os << "is NULL";
        -:  788:  }
        -:  789:};
        -:  790:
        -:  791:// Ref(variable) matches any argument that is a reference to
        -:  792:// 'variable'.  This matcher is polymorphic as it can match any
        -:  793:// super type of the type of 'variable'.
        -:  794://
        -:  795:// The RefMatcher template class implements Ref(variable).  It can
        -:  796:// only be instantiated with a reference type.  This prevents a user
        -:  797:// from mistakenly using Ref(x) to match a non-reference function
        -:  798:// argument.  For example, the following will righteously cause a
        -:  799:// compiler error:
        -:  800://
        -:  801://   int n;
        -:  802://   Matcher<int> m1 = Ref(n);   // This won't compile.
        -:  803://   Matcher<int&> m2 = Ref(n);  // This will compile.
        -:  804:template <typename T>
        -:  805:class RefMatcher;
        -:  806:
        -:  807:template <typename T>
        -:  808:class RefMatcher<T&> {
        -:  809:  // Google Mock is a generic framework and thus needs to support
        -:  810:  // mocking any function types, including those that take non-const
        -:  811:  // reference arguments.  Therefore the template parameter T (and
        -:  812:  // Super below) can be instantiated to either a const type or a
        -:  813:  // non-const type.
        -:  814: public:
        -:  815:  // RefMatcher() takes a T& instead of const T&, as we want the
        -:  816:  // compiler to catch using Ref(const_value) as a matcher for a
        -:  817:  // non-const reference.
        -:  818:  explicit RefMatcher(T& x) : object_(x) {}  // NOLINT
        -:  819:
        -:  820:  template <typename Super>
        -:  821:  operator Matcher<Super&>() const {
        -:  822:    // By passing object_ (type T&) to Impl(), which expects a Super&,
        -:  823:    // we make sure that Super is a super type of T.  In particular,
        -:  824:    // this catches using Ref(const_value) as a matcher for a
        -:  825:    // non-const reference, as you cannot implicitly convert a const
        -:  826:    // reference to a non-const reference.
        -:  827:    return MakeMatcher(new Impl<Super>(object_));
        -:  828:  }
        -:  829:
        -:  830: private:
        -:  831:  template <typename Super>
        -:  832:  class Impl : public MatcherInterface<Super&> {
        -:  833:   public:
        -:  834:    explicit Impl(Super& x) : object_(x) {}  // NOLINT
        -:  835:
        -:  836:    // MatchAndExplain() takes a Super& (as opposed to const Super&)
        -:  837:    // in order to match the interface MatcherInterface<Super&>.
        -:  838:    bool MatchAndExplain(Super& x,
        -:  839:                         MatchResultListener* listener) const override {
        -:  840:      *listener << "which is located @" << static_cast<const void*>(&x);
        -:  841:      return &x == &object_;
        -:  842:    }
        -:  843:
        -:  844:    void DescribeTo(::std::ostream* os) const override {
        -:  845:      *os << "references the variable ";
        -:  846:      UniversalPrinter<Super&>::Print(object_, os);
        -:  847:    }
        -:  848:
        -:  849:    void DescribeNegationTo(::std::ostream* os) const override {
        -:  850:      *os << "does not reference the variable ";
        -:  851:      UniversalPrinter<Super&>::Print(object_, os);
        -:  852:    }
        -:  853:
        -:  854:   private:
        -:  855:    const Super& object_;
        -:  856:  };
        -:  857:
        -:  858:  T& object_;
        -:  859:};
        -:  860:
        -:  861:// Polymorphic helper functions for narrow and wide string matchers.
        -:  862:inline bool CaseInsensitiveCStringEquals(const char* lhs, const char* rhs) {
        -:  863:  return String::CaseInsensitiveCStringEquals(lhs, rhs);
        -:  864:}
        -:  865:
        -:  866:inline bool CaseInsensitiveCStringEquals(const wchar_t* lhs,
        -:  867:                                         const wchar_t* rhs) {
        -:  868:  return String::CaseInsensitiveWideCStringEquals(lhs, rhs);
        -:  869:}
        -:  870:
        -:  871:// String comparison for narrow or wide strings that can have embedded NUL
        -:  872:// characters.
        -:  873:template <typename StringType>
        -:  874:bool CaseInsensitiveStringEquals(const StringType& s1,
        -:  875:                                 const StringType& s2) {
        -:  876:  // Are the heads equal?
        -:  877:  if (!CaseInsensitiveCStringEquals(s1.c_str(), s2.c_str())) {
        -:  878:    return false;
        -:  879:  }
        -:  880:
        -:  881:  // Skip the equal heads.
        -:  882:  const typename StringType::value_type nul = 0;
        -:  883:  const size_t i1 = s1.find(nul), i2 = s2.find(nul);
        -:  884:
        -:  885:  // Are we at the end of either s1 or s2?
        -:  886:  if (i1 == StringType::npos || i2 == StringType::npos) {
        -:  887:    return i1 == i2;
        -:  888:  }
        -:  889:
        -:  890:  // Are the tails equal?
        -:  891:  return CaseInsensitiveStringEquals(s1.substr(i1 + 1), s2.substr(i2 + 1));
        -:  892:}
        -:  893:
        -:  894:// String matchers.
        -:  895:
        -:  896:// Implements equality-based string matchers like StrEq, StrCaseNe, and etc.
        -:  897:template <typename StringType>
        -:  898:class StrEqualityMatcher {
        -:  899: public:
        -:  900:  StrEqualityMatcher(StringType str, bool expect_eq, bool case_sensitive)
        -:  901:      : string_(std::move(str)),
        -:  902:        expect_eq_(expect_eq),
        -:  903:        case_sensitive_(case_sensitive) {}
        -:  904:
        -:  905:#if GTEST_INTERNAL_HAS_STRING_VIEW
        -:  906:  bool MatchAndExplain(const internal::StringView& s,
        -:  907:                       MatchResultListener* listener) const {
        -:  908:    // This should fail to compile if StringView is used with wide
        -:  909:    // strings.
        -:  910:    const StringType& str = std::string(s);
        -:  911:    return MatchAndExplain(str, listener);
        -:  912:  }
        -:  913:#endif  // GTEST_INTERNAL_HAS_STRING_VIEW
        -:  914:
        -:  915:  // Accepts pointer types, particularly:
        -:  916:  //   const char*
        -:  917:  //   char*
        -:  918:  //   const wchar_t*
        -:  919:  //   wchar_t*
        -:  920:  template <typename CharType>
        -:  921:  bool MatchAndExplain(CharType* s, MatchResultListener* listener) const {
        -:  922:    if (s == nullptr) {
        -:  923:      return !expect_eq_;
        -:  924:    }
        -:  925:    return MatchAndExplain(StringType(s), listener);
        -:  926:  }
        -:  927:
        -:  928:  // Matches anything that can convert to StringType.
        -:  929:  //
        -:  930:  // This is a template, not just a plain function with const StringType&,
        -:  931:  // because StringView has some interfering non-explicit constructors.
        -:  932:  template <typename MatcheeStringType>
        -:  933:  bool MatchAndExplain(const MatcheeStringType& s,
        -:  934:                       MatchResultListener* /* listener */) const {
        -:  935:    const StringType s2(s);
        -:  936:    const bool eq = case_sensitive_ ? s2 == string_ :
        -:  937:        CaseInsensitiveStringEquals(s2, string_);
        -:  938:    return expect_eq_ == eq;
        -:  939:  }
        -:  940:
        -:  941:  void DescribeTo(::std::ostream* os) const {
        -:  942:    DescribeToHelper(expect_eq_, os);
        -:  943:  }
        -:  944:
        -:  945:  void DescribeNegationTo(::std::ostream* os) const {
        -:  946:    DescribeToHelper(!expect_eq_, os);
        -:  947:  }
        -:  948:
        -:  949: private:
        -:  950:  void DescribeToHelper(bool expect_eq, ::std::ostream* os) const {
        -:  951:    *os << (expect_eq ? "is " : "isn't ");
        -:  952:    *os << "equal to ";
        -:  953:    if (!case_sensitive_) {
        -:  954:      *os << "(ignoring case) ";
        -:  955:    }
        -:  956:    UniversalPrint(string_, os);
        -:  957:  }
        -:  958:
        -:  959:  const StringType string_;
        -:  960:  const bool expect_eq_;
        -:  961:  const bool case_sensitive_;
        -:  962:};
        -:  963:
        -:  964:// Implements the polymorphic HasSubstr(substring) matcher, which
        -:  965:// can be used as a Matcher<T> as long as T can be converted to a
        -:  966:// string.
        -:  967:template <typename StringType>
        -:  968:class HasSubstrMatcher {
        -:  969: public:
        -:  970:  explicit HasSubstrMatcher(const StringType& substring)
        -:  971:      : substring_(substring) {}
        -:  972:
        -:  973:#if GTEST_INTERNAL_HAS_STRING_VIEW
        -:  974:  bool MatchAndExplain(const internal::StringView& s,
        -:  975:                       MatchResultListener* listener) const {
        -:  976:    // This should fail to compile if StringView is used with wide
        -:  977:    // strings.
        -:  978:    const StringType& str = std::string(s);
        -:  979:    return MatchAndExplain(str, listener);
        -:  980:  }
        -:  981:#endif  // GTEST_INTERNAL_HAS_STRING_VIEW
        -:  982:
        -:  983:  // Accepts pointer types, particularly:
        -:  984:  //   const char*
        -:  985:  //   char*
        -:  986:  //   const wchar_t*
        -:  987:  //   wchar_t*
        -:  988:  template <typename CharType>
        -:  989:  bool MatchAndExplain(CharType* s, MatchResultListener* listener) const {
        -:  990:    return s != nullptr && MatchAndExplain(StringType(s), listener);
        -:  991:  }
        -:  992:
        -:  993:  // Matches anything that can convert to StringType.
        -:  994:  //
        -:  995:  // This is a template, not just a plain function with const StringType&,
        -:  996:  // because StringView has some interfering non-explicit constructors.
        -:  997:  template <typename MatcheeStringType>
        -:  998:  bool MatchAndExplain(const MatcheeStringType& s,
        -:  999:                       MatchResultListener* /* listener */) const {
        -: 1000:    return StringType(s).find(substring_) != StringType::npos;
        -: 1001:  }
        -: 1002:
        -: 1003:  // Describes what this matcher matches.
        -: 1004:  void DescribeTo(::std::ostream* os) const {
        -: 1005:    *os << "has substring ";
        -: 1006:    UniversalPrint(substring_, os);
        -: 1007:  }
        -: 1008:
        -: 1009:  void DescribeNegationTo(::std::ostream* os) const {
        -: 1010:    *os << "has no substring ";
        -: 1011:    UniversalPrint(substring_, os);
        -: 1012:  }
        -: 1013:
        -: 1014: private:
        -: 1015:  const StringType substring_;
        -: 1016:};
        -: 1017:
        -: 1018:// Implements the polymorphic StartsWith(substring) matcher, which
        -: 1019:// can be used as a Matcher<T> as long as T can be converted to a
        -: 1020:// string.
        -: 1021:template <typename StringType>
        -: 1022:class StartsWithMatcher {
        -: 1023: public:
        -: 1024:  explicit StartsWithMatcher(const StringType& prefix) : prefix_(prefix) {
        -: 1025:  }
        -: 1026:
        -: 1027:#if GTEST_INTERNAL_HAS_STRING_VIEW
        -: 1028:  bool MatchAndExplain(const internal::StringView& s,
        -: 1029:                       MatchResultListener* listener) const {
        -: 1030:    // This should fail to compile if StringView is used with wide
        -: 1031:    // strings.
        -: 1032:    const StringType& str = std::string(s);
        -: 1033:    return MatchAndExplain(str, listener);
        -: 1034:  }
        -: 1035:#endif  // GTEST_INTERNAL_HAS_STRING_VIEW
        -: 1036:
        -: 1037:  // Accepts pointer types, particularly:
        -: 1038:  //   const char*
        -: 1039:  //   char*
        -: 1040:  //   const wchar_t*
        -: 1041:  //   wchar_t*
        -: 1042:  template <typename CharType>
        -: 1043:  bool MatchAndExplain(CharType* s, MatchResultListener* listener) const {
        -: 1044:    return s != nullptr && MatchAndExplain(StringType(s), listener);
        -: 1045:  }
        -: 1046:
        -: 1047:  // Matches anything that can convert to StringType.
        -: 1048:  //
        -: 1049:  // This is a template, not just a plain function with const StringType&,
        -: 1050:  // because StringView has some interfering non-explicit constructors.
        -: 1051:  template <typename MatcheeStringType>
        -: 1052:  bool MatchAndExplain(const MatcheeStringType& s,
        -: 1053:                       MatchResultListener* /* listener */) const {
        -: 1054:    const StringType& s2(s);
        -: 1055:    return s2.length() >= prefix_.length() &&
        -: 1056:        s2.substr(0, prefix_.length()) == prefix_;
        -: 1057:  }
        -: 1058:
        -: 1059:  void DescribeTo(::std::ostream* os) const {
        -: 1060:    *os << "starts with ";
        -: 1061:    UniversalPrint(prefix_, os);
        -: 1062:  }
        -: 1063:
        -: 1064:  void DescribeNegationTo(::std::ostream* os) const {
        -: 1065:    *os << "doesn't start with ";
        -: 1066:    UniversalPrint(prefix_, os);
        -: 1067:  }
        -: 1068:
        -: 1069: private:
        -: 1070:  const StringType prefix_;
        -: 1071:};
        -: 1072:
        -: 1073:// Implements the polymorphic EndsWith(substring) matcher, which
        -: 1074:// can be used as a Matcher<T> as long as T can be converted to a
        -: 1075:// string.
        -: 1076:template <typename StringType>
        -: 1077:class EndsWithMatcher {
        -: 1078: public:
        -: 1079:  explicit EndsWithMatcher(const StringType& suffix) : suffix_(suffix) {}
        -: 1080:
        -: 1081:#if GTEST_INTERNAL_HAS_STRING_VIEW
        -: 1082:  bool MatchAndExplain(const internal::StringView& s,
        -: 1083:                       MatchResultListener* listener) const {
        -: 1084:    // This should fail to compile if StringView is used with wide
        -: 1085:    // strings.
        -: 1086:    const StringType& str = std::string(s);
        -: 1087:    return MatchAndExplain(str, listener);
        -: 1088:  }
        -: 1089:#endif  // GTEST_INTERNAL_HAS_STRING_VIEW
        -: 1090:
        -: 1091:  // Accepts pointer types, particularly:
        -: 1092:  //   const char*
        -: 1093:  //   char*
        -: 1094:  //   const wchar_t*
        -: 1095:  //   wchar_t*
        -: 1096:  template <typename CharType>
        -: 1097:  bool MatchAndExplain(CharType* s, MatchResultListener* listener) const {
        -: 1098:    return s != nullptr && MatchAndExplain(StringType(s), listener);
        -: 1099:  }
        -: 1100:
        -: 1101:  // Matches anything that can convert to StringType.
        -: 1102:  //
        -: 1103:  // This is a template, not just a plain function with const StringType&,
        -: 1104:  // because StringView has some interfering non-explicit constructors.
        -: 1105:  template <typename MatcheeStringType>
        -: 1106:  bool MatchAndExplain(const MatcheeStringType& s,
        -: 1107:                       MatchResultListener* /* listener */) const {
        -: 1108:    const StringType& s2(s);
        -: 1109:    return s2.length() >= suffix_.length() &&
        -: 1110:        s2.substr(s2.length() - suffix_.length()) == suffix_;
        -: 1111:  }
        -: 1112:
        -: 1113:  void DescribeTo(::std::ostream* os) const {
        -: 1114:    *os << "ends with ";
        -: 1115:    UniversalPrint(suffix_, os);
        -: 1116:  }
        -: 1117:
        -: 1118:  void DescribeNegationTo(::std::ostream* os) const {
        -: 1119:    *os << "doesn't end with ";
        -: 1120:    UniversalPrint(suffix_, os);
        -: 1121:  }
        -: 1122:
        -: 1123: private:
        -: 1124:  const StringType suffix_;
        -: 1125:};
        -: 1126:
        -: 1127:// Implements a matcher that compares the two fields of a 2-tuple
        -: 1128:// using one of the ==, <=, <, etc, operators.  The two fields being
        -: 1129:// compared don't have to have the same type.
        -: 1130://
        -: 1131:// The matcher defined here is polymorphic (for example, Eq() can be
        -: 1132:// used to match a std::tuple<int, short>, a std::tuple<const long&, double>,
        -: 1133:// etc).  Therefore we use a template type conversion operator in the
        -: 1134:// implementation.
        -: 1135:template <typename D, typename Op>
        -: 1136:class PairMatchBase {
        -: 1137: public:
        -: 1138:  template <typename T1, typename T2>
        -: 1139:  operator Matcher<::std::tuple<T1, T2>>() const {
        -: 1140:    return Matcher<::std::tuple<T1, T2>>(new Impl<const ::std::tuple<T1, T2>&>);
        -: 1141:  }
        -: 1142:  template <typename T1, typename T2>
        -: 1143:  operator Matcher<const ::std::tuple<T1, T2>&>() const {
        -: 1144:    return MakeMatcher(new Impl<const ::std::tuple<T1, T2>&>);
        -: 1145:  }
        -: 1146:
        -: 1147: private:
        -: 1148:  static ::std::ostream& GetDesc(::std::ostream& os) {  // NOLINT
        -: 1149:    return os << D::Desc();
        -: 1150:  }
        -: 1151:
        -: 1152:  template <typename Tuple>
        -: 1153:  class Impl : public MatcherInterface<Tuple> {
        -: 1154:   public:
        -: 1155:    bool MatchAndExplain(Tuple args,
        -: 1156:                         MatchResultListener* /* listener */) const override {
        -: 1157:      return Op()(::std::get<0>(args), ::std::get<1>(args));
        -: 1158:    }
        -: 1159:    void DescribeTo(::std::ostream* os) const override {
        -: 1160:      *os << "are " << GetDesc;
        -: 1161:    }
        -: 1162:    void DescribeNegationTo(::std::ostream* os) const override {
        -: 1163:      *os << "aren't " << GetDesc;
        -: 1164:    }
        -: 1165:  };
        -: 1166:};
        -: 1167:
        -: 1168:class Eq2Matcher : public PairMatchBase<Eq2Matcher, AnyEq> {
        -: 1169: public:
        -: 1170:  static const char* Desc() { return "an equal pair"; }
        -: 1171:};
        -: 1172:class Ne2Matcher : public PairMatchBase<Ne2Matcher, AnyNe> {
        -: 1173: public:
        -: 1174:  static const char* Desc() { return "an unequal pair"; }
        -: 1175:};
        -: 1176:class Lt2Matcher : public PairMatchBase<Lt2Matcher, AnyLt> {
        -: 1177: public:
        -: 1178:  static const char* Desc() { return "a pair where the first < the second"; }
        -: 1179:};
        -: 1180:class Gt2Matcher : public PairMatchBase<Gt2Matcher, AnyGt> {
        -: 1181: public:
        -: 1182:  static const char* Desc() { return "a pair where the first > the second"; }
        -: 1183:};
        -: 1184:class Le2Matcher : public PairMatchBase<Le2Matcher, AnyLe> {
        -: 1185: public:
        -: 1186:  static const char* Desc() { return "a pair where the first <= the second"; }
        -: 1187:};
        -: 1188:class Ge2Matcher : public PairMatchBase<Ge2Matcher, AnyGe> {
        -: 1189: public:
        -: 1190:  static const char* Desc() { return "a pair where the first >= the second"; }
        -: 1191:};
        -: 1192:
        -: 1193:// Implements the Not(...) matcher for a particular argument type T.
        -: 1194:// We do not nest it inside the NotMatcher class template, as that
        -: 1195:// will prevent different instantiations of NotMatcher from sharing
        -: 1196:// the same NotMatcherImpl<T> class.
        -: 1197:template <typename T>
        -: 1198:class NotMatcherImpl : public MatcherInterface<const T&> {
        -: 1199: public:
        -: 1200:  explicit NotMatcherImpl(const Matcher<T>& matcher)
        -: 1201:      : matcher_(matcher) {}
        -: 1202:
        -: 1203:  bool MatchAndExplain(const T& x,
        -: 1204:                       MatchResultListener* listener) const override {
        -: 1205:    return !matcher_.MatchAndExplain(x, listener);
        -: 1206:  }
        -: 1207:
        -: 1208:  void DescribeTo(::std::ostream* os) const override {
        -: 1209:    matcher_.DescribeNegationTo(os);
        -: 1210:  }
        -: 1211:
        -: 1212:  void DescribeNegationTo(::std::ostream* os) const override {
        -: 1213:    matcher_.DescribeTo(os);
        -: 1214:  }
        -: 1215:
        -: 1216: private:
        -: 1217:  const Matcher<T> matcher_;
        -: 1218:};
        -: 1219:
        -: 1220:// Implements the Not(m) matcher, which matches a value that doesn't
        -: 1221:// match matcher m.
        -: 1222:template <typename InnerMatcher>
        -: 1223:class NotMatcher {
        -: 1224: public:
        -: 1225:  explicit NotMatcher(InnerMatcher matcher) : matcher_(matcher) {}
        -: 1226:
        -: 1227:  // This template type conversion operator allows Not(m) to be used
        -: 1228:  // to match any type m can match.
        -: 1229:  template <typename T>
        -: 1230:  operator Matcher<T>() const {
        -: 1231:    return Matcher<T>(new NotMatcherImpl<T>(SafeMatcherCast<T>(matcher_)));
        -: 1232:  }
        -: 1233:
        -: 1234: private:
        -: 1235:  InnerMatcher matcher_;
        -: 1236:};
        -: 1237:
        -: 1238:// Implements the AllOf(m1, m2) matcher for a particular argument type
        -: 1239:// T. We do not nest it inside the BothOfMatcher class template, as
        -: 1240:// that will prevent different instantiations of BothOfMatcher from
        -: 1241:// sharing the same BothOfMatcherImpl<T> class.
        -: 1242:template <typename T>
        -: 1243:class AllOfMatcherImpl : public MatcherInterface<const T&> {
        -: 1244: public:
        -: 1245:  explicit AllOfMatcherImpl(std::vector<Matcher<T> > matchers)
        -: 1246:      : matchers_(std::move(matchers)) {}
        -: 1247:
        -: 1248:  void DescribeTo(::std::ostream* os) const override {
        -: 1249:    *os << "(";
        -: 1250:    for (size_t i = 0; i < matchers_.size(); ++i) {
        -: 1251:      if (i != 0) *os << ") and (";
        -: 1252:      matchers_[i].DescribeTo(os);
        -: 1253:    }
        -: 1254:    *os << ")";
        -: 1255:  }
        -: 1256:
        -: 1257:  void DescribeNegationTo(::std::ostream* os) const override {
        -: 1258:    *os << "(";
        -: 1259:    for (size_t i = 0; i < matchers_.size(); ++i) {
        -: 1260:      if (i != 0) *os << ") or (";
        -: 1261:      matchers_[i].DescribeNegationTo(os);
        -: 1262:    }
        -: 1263:    *os << ")";
        -: 1264:  }
        -: 1265:
        -: 1266:  bool MatchAndExplain(const T& x,
        -: 1267:                       MatchResultListener* listener) const override {
        -: 1268:    // If either matcher1_ or matcher2_ doesn't match x, we only need
        -: 1269:    // to explain why one of them fails.
        -: 1270:    std::string all_match_result;
        -: 1271:
        -: 1272:    for (size_t i = 0; i < matchers_.size(); ++i) {
        -: 1273:      StringMatchResultListener slistener;
        -: 1274:      if (matchers_[i].MatchAndExplain(x, &slistener)) {
        -: 1275:        if (all_match_result.empty()) {
        -: 1276:          all_match_result = slistener.str();
        -: 1277:        } else {
        -: 1278:          std::string result = slistener.str();
        -: 1279:          if (!result.empty()) {
        -: 1280:            all_match_result += ", and ";
        -: 1281:            all_match_result += result;
        -: 1282:          }
        -: 1283:        }
        -: 1284:      } else {
        -: 1285:        *listener << slistener.str();
        -: 1286:        return false;
        -: 1287:      }
        -: 1288:    }
        -: 1289:
        -: 1290:    // Otherwise we need to explain why *both* of them match.
        -: 1291:    *listener << all_match_result;
        -: 1292:    return true;
        -: 1293:  }
        -: 1294:
        -: 1295: private:
        -: 1296:  const std::vector<Matcher<T> > matchers_;
        -: 1297:};
        -: 1298:
        -: 1299:// VariadicMatcher is used for the variadic implementation of
        -: 1300:// AllOf(m_1, m_2, ...) and AnyOf(m_1, m_2, ...).
        -: 1301:// CombiningMatcher<T> is used to recursively combine the provided matchers
        -: 1302:// (of type Args...).
        -: 1303:template <template <typename T> class CombiningMatcher, typename... Args>
        -: 1304:class VariadicMatcher {
        -: 1305: public:
        -: 1306:  VariadicMatcher(const Args&... matchers)  // NOLINT
        -: 1307:      : matchers_(matchers...) {
        -: 1308:    static_assert(sizeof...(Args) > 0, "Must have at least one matcher.");
        -: 1309:  }
        -: 1310:
        -: 1311:  VariadicMatcher(const VariadicMatcher&) = default;
        -: 1312:  VariadicMatcher& operator=(const VariadicMatcher&) = delete;
        -: 1313:
        -: 1314:  // This template type conversion operator allows an
        -: 1315:  // VariadicMatcher<Matcher1, Matcher2...> object to match any type that
        -: 1316:  // all of the provided matchers (Matcher1, Matcher2, ...) can match.
        -: 1317:  template <typename T>
        -: 1318:  operator Matcher<T>() const {
        -: 1319:    std::vector<Matcher<T> > values;
        -: 1320:    CreateVariadicMatcher<T>(&values, std::integral_constant<size_t, 0>());
        -: 1321:    return Matcher<T>(new CombiningMatcher<T>(std::move(values)));
        -: 1322:  }
        -: 1323:
        -: 1324: private:
        -: 1325:  template <typename T, size_t I>
        -: 1326:  void CreateVariadicMatcher(std::vector<Matcher<T> >* values,
        -: 1327:                             std::integral_constant<size_t, I>) const {
        -: 1328:    values->push_back(SafeMatcherCast<T>(std::get<I>(matchers_)));
        -: 1329:    CreateVariadicMatcher<T>(values, std::integral_constant<size_t, I + 1>());
        -: 1330:  }
        -: 1331:
        -: 1332:  template <typename T>
        -: 1333:  void CreateVariadicMatcher(
        -: 1334:      std::vector<Matcher<T> >*,
        -: 1335:      std::integral_constant<size_t, sizeof...(Args)>) const {}
        -: 1336:
        -: 1337:  std::tuple<Args...> matchers_;
        -: 1338:};
        -: 1339:
        -: 1340:template <typename... Args>
        -: 1341:using AllOfMatcher = VariadicMatcher<AllOfMatcherImpl, Args...>;
        -: 1342:
        -: 1343:// Implements the AnyOf(m1, m2) matcher for a particular argument type
        -: 1344:// T.  We do not nest it inside the AnyOfMatcher class template, as
        -: 1345:// that will prevent different instantiations of AnyOfMatcher from
        -: 1346:// sharing the same EitherOfMatcherImpl<T> class.
        -: 1347:template <typename T>
        -: 1348:class AnyOfMatcherImpl : public MatcherInterface<const T&> {
        -: 1349: public:
        -: 1350:  explicit AnyOfMatcherImpl(std::vector<Matcher<T> > matchers)
        -: 1351:      : matchers_(std::move(matchers)) {}
        -: 1352:
        -: 1353:  void DescribeTo(::std::ostream* os) const override {
        -: 1354:    *os << "(";
        -: 1355:    for (size_t i = 0; i < matchers_.size(); ++i) {
        -: 1356:      if (i != 0) *os << ") or (";
        -: 1357:      matchers_[i].DescribeTo(os);
        -: 1358:    }
        -: 1359:    *os << ")";
        -: 1360:  }
        -: 1361:
        -: 1362:  void DescribeNegationTo(::std::ostream* os) const override {
        -: 1363:    *os << "(";
        -: 1364:    for (size_t i = 0; i < matchers_.size(); ++i) {
        -: 1365:      if (i != 0) *os << ") and (";
        -: 1366:      matchers_[i].DescribeNegationTo(os);
        -: 1367:    }
        -: 1368:    *os << ")";
        -: 1369:  }
        -: 1370:
        -: 1371:  bool MatchAndExplain(const T& x,
        -: 1372:                       MatchResultListener* listener) const override {
        -: 1373:    std::string no_match_result;
        -: 1374:
        -: 1375:    // If either matcher1_ or matcher2_ matches x, we just need to
        -: 1376:    // explain why *one* of them matches.
        -: 1377:    for (size_t i = 0; i < matchers_.size(); ++i) {
        -: 1378:      StringMatchResultListener slistener;
        -: 1379:      if (matchers_[i].MatchAndExplain(x, &slistener)) {
        -: 1380:        *listener << slistener.str();
        -: 1381:        return true;
        -: 1382:      } else {
        -: 1383:        if (no_match_result.empty()) {
        -: 1384:          no_match_result = slistener.str();
        -: 1385:        } else {
        -: 1386:          std::string result = slistener.str();
        -: 1387:          if (!result.empty()) {
        -: 1388:            no_match_result += ", and ";
        -: 1389:            no_match_result += result;
        -: 1390:          }
        -: 1391:        }
        -: 1392:      }
        -: 1393:    }
        -: 1394:
        -: 1395:    // Otherwise we need to explain why *both* of them fail.
        -: 1396:    *listener << no_match_result;
        -: 1397:    return false;
        -: 1398:  }
        -: 1399:
        -: 1400: private:
        -: 1401:  const std::vector<Matcher<T> > matchers_;
        -: 1402:};
        -: 1403:
        -: 1404:// AnyOfMatcher is used for the variadic implementation of AnyOf(m_1, m_2, ...).
        -: 1405:template <typename... Args>
        -: 1406:using AnyOfMatcher = VariadicMatcher<AnyOfMatcherImpl, Args...>;
        -: 1407:
        -: 1408:// Wrapper for implementation of Any/AllOfArray().
        -: 1409:template <template <class> class MatcherImpl, typename T>
        -: 1410:class SomeOfArrayMatcher {
        -: 1411: public:
        -: 1412:  // Constructs the matcher from a sequence of element values or
        -: 1413:  // element matchers.
        -: 1414:  template <typename Iter>
        -: 1415:  SomeOfArrayMatcher(Iter first, Iter last) : matchers_(first, last) {}
        -: 1416:
        -: 1417:  template <typename U>
        -: 1418:  operator Matcher<U>() const {  // NOLINT
        -: 1419:    using RawU = typename std::decay<U>::type;
        -: 1420:    std::vector<Matcher<RawU>> matchers;
        -: 1421:    for (const auto& matcher : matchers_) {
        -: 1422:      matchers.push_back(MatcherCast<RawU>(matcher));
        -: 1423:    }
        -: 1424:    return Matcher<U>(new MatcherImpl<RawU>(std::move(matchers)));
        -: 1425:  }
        -: 1426:
        -: 1427: private:
        -: 1428:  const ::std::vector<T> matchers_;
        -: 1429:};
        -: 1430:
        -: 1431:template <typename T>
        -: 1432:using AllOfArrayMatcher = SomeOfArrayMatcher<AllOfMatcherImpl, T>;
        -: 1433:
        -: 1434:template <typename T>
        -: 1435:using AnyOfArrayMatcher = SomeOfArrayMatcher<AnyOfMatcherImpl, T>;
        -: 1436:
        -: 1437:// Used for implementing Truly(pred), which turns a predicate into a
        -: 1438:// matcher.
        -: 1439:template <typename Predicate>
        -: 1440:class TrulyMatcher {
        -: 1441: public:
        -: 1442:  explicit TrulyMatcher(Predicate pred) : predicate_(pred) {}
        -: 1443:
        -: 1444:  // This method template allows Truly(pred) to be used as a matcher
        -: 1445:  // for type T where T is the argument type of predicate 'pred'.  The
        -: 1446:  // argument is passed by reference as the predicate may be
        -: 1447:  // interested in the address of the argument.
        -: 1448:  template <typename T>
        -: 1449:  bool MatchAndExplain(T& x,  // NOLINT
        -: 1450:                       MatchResultListener* listener) const {
        -: 1451:    // Without the if-statement, MSVC sometimes warns about converting
        -: 1452:    // a value to bool (warning 4800).
        -: 1453:    //
        -: 1454:    // We cannot write 'return !!predicate_(x);' as that doesn't work
        -: 1455:    // when predicate_(x) returns a class convertible to bool but
        -: 1456:    // having no operator!().
        -: 1457:    if (predicate_(x))
        -: 1458:      return true;
        -: 1459:    *listener << "didn't satisfy the given predicate";
        -: 1460:    return false;
        -: 1461:  }
        -: 1462:
        -: 1463:  void DescribeTo(::std::ostream* os) const {
        -: 1464:    *os << "satisfies the given predicate";
        -: 1465:  }
        -: 1466:
        -: 1467:  void DescribeNegationTo(::std::ostream* os) const {
        -: 1468:    *os << "doesn't satisfy the given predicate";
        -: 1469:  }
        -: 1470:
        -: 1471: private:
        -: 1472:  Predicate predicate_;
        -: 1473:};
        -: 1474:
        -: 1475:// Used for implementing Matches(matcher), which turns a matcher into
        -: 1476:// a predicate.
        -: 1477:template <typename M>
        -: 1478:class MatcherAsPredicate {
        -: 1479: public:
        -: 1480:  explicit MatcherAsPredicate(M matcher) : matcher_(matcher) {}
        -: 1481:
        -: 1482:  // This template operator() allows Matches(m) to be used as a
        -: 1483:  // predicate on type T where m is a matcher on type T.
        -: 1484:  //
        -: 1485:  // The argument x is passed by reference instead of by value, as
        -: 1486:  // some matcher may be interested in its address (e.g. as in
        -: 1487:  // Matches(Ref(n))(x)).
        -: 1488:  template <typename T>
        -: 1489:  bool operator()(const T& x) const {
        -: 1490:    // We let matcher_ commit to a particular type here instead of
        -: 1491:    // when the MatcherAsPredicate object was constructed.  This
        -: 1492:    // allows us to write Matches(m) where m is a polymorphic matcher
        -: 1493:    // (e.g. Eq(5)).
        -: 1494:    //
        -: 1495:    // If we write Matcher<T>(matcher_).Matches(x) here, it won't
        -: 1496:    // compile when matcher_ has type Matcher<const T&>; if we write
        -: 1497:    // Matcher<const T&>(matcher_).Matches(x) here, it won't compile
        -: 1498:    // when matcher_ has type Matcher<T>; if we just write
        -: 1499:    // matcher_.Matches(x), it won't compile when matcher_ is
        -: 1500:    // polymorphic, e.g. Eq(5).
        -: 1501:    //
        -: 1502:    // MatcherCast<const T&>() is necessary for making the code work
        -: 1503:    // in all of the above situations.
        -: 1504:    return MatcherCast<const T&>(matcher_).Matches(x);
        -: 1505:  }
        -: 1506:
        -: 1507: private:
        -: 1508:  M matcher_;
        -: 1509:};
        -: 1510:
        -: 1511:// For implementing ASSERT_THAT() and EXPECT_THAT().  The template
        -: 1512:// argument M must be a type that can be converted to a matcher.
        -: 1513:template <typename M>
        -: 1514:class PredicateFormatterFromMatcher {
        -: 1515: public:
        -: 1516:  explicit PredicateFormatterFromMatcher(M m) : matcher_(std::move(m)) {}
        -: 1517:
        -: 1518:  // This template () operator allows a PredicateFormatterFromMatcher
        -: 1519:  // object to act as a predicate-formatter suitable for using with
        -: 1520:  // Google Test's EXPECT_PRED_FORMAT1() macro.
        -: 1521:  template <typename T>
        -: 1522:  AssertionResult operator()(const char* value_text, const T& x) const {
        -: 1523:    // We convert matcher_ to a Matcher<const T&> *now* instead of
        -: 1524:    // when the PredicateFormatterFromMatcher object was constructed,
        -: 1525:    // as matcher_ may be polymorphic (e.g. NotNull()) and we won't
        -: 1526:    // know which type to instantiate it to until we actually see the
        -: 1527:    // type of x here.
        -: 1528:    //
        -: 1529:    // We write SafeMatcherCast<const T&>(matcher_) instead of
        -: 1530:    // Matcher<const T&>(matcher_), as the latter won't compile when
        -: 1531:    // matcher_ has type Matcher<T> (e.g. An<int>()).
        -: 1532:    // We don't write MatcherCast<const T&> either, as that allows
[...]
        -: 5099:  // catch clause:
        -: 5100:  //
        -: 5101:  //     try { ... }
        -: 5102:  //     catch (const Err&) { /* an expected exception */ }
        -: 5103:  //     catch (const std::exception&) { /* exception of a wrong type */ }
        -: 5104:  //
        -: 5105:  // However, if the `Err` itself is `std::exception`, we'd end up with two
        -: 5106:  // identical `catch` clauses:
        -: 5107:  //
        -: 5108:  //     try { ... }
        -: 5109:  //     catch (const std::exception&) { /* an expected exception */ }
        -: 5110:  //     catch (const std::exception&) { /* exception of a wrong type */ }
        -: 5111:  //
        -: 5112:  // This can cause a warning or an error in some compilers. To resolve
        -: 5113:  // the issue, we use a fake error type whenever `Err` is `std::exception`:
        -: 5114:  //
        -: 5115:  //     try { ... }
        -: 5116:  //     catch (const std::exception&) { /* an expected exception */ }
        -: 5117:  //     catch (const NeverThrown&) { /* exception of a wrong type */ }
        -: 5118:  using DefaultExceptionType = typename std::conditional<
        -: 5119:      std::is_same<typename std::remove_cv<
        -: 5120:                       typename std::remove_reference<Err>::type>::type,
        -: 5121:                   std::exception>::value,
        -: 5122:      const NeverThrown&, const std::exception&>::type;
        -: 5123:
        -: 5124: public:
        -: 5125:  ExceptionMatcherImpl(Matcher<const Err&> matcher)
        -: 5126:      : matcher_(std::move(matcher)) {}
        -: 5127:
        -: 5128:  void DescribeTo(std::ostream* os) const {
        -: 5129:    *os << "throws an exception which is a " << GetTypeName<Err>();
        -: 5130:    *os << " which ";
        -: 5131:    matcher_.DescribeTo(os);
        -: 5132:  }
        -: 5133:
        -: 5134:  void DescribeNegationTo(std::ostream* os) const {
        -: 5135:    *os << "throws an exception which is not a " << GetTypeName<Err>();
        -: 5136:    *os << " which ";
        -: 5137:    matcher_.DescribeNegationTo(os);
        -: 5138:  }
        -: 5139:
        -: 5140:  template <typename T>
        -: 5141:  bool MatchAndExplain(T&& x, MatchResultListener* listener) const {
        -: 5142:    try {
        -: 5143:      (void)(std::forward<T>(x)());
        -: 5144:    } catch (const Err& err) {
        -: 5145:      *listener << "throws an exception which is a " << GetTypeName<Err>();
        -: 5146:      *listener << " ";
        -: 5147:      return matcher_.MatchAndExplain(err, listener);
        -: 5148:    } catch (DefaultExceptionType err) {
        -: 5149:#if GTEST_HAS_RTTI
        -: 5150:      *listener << "throws an exception of type " << GetTypeName(typeid(err));
        -: 5151:      *listener << " ";
        -: 5152:#else
        -: 5153:      *listener << "throws an std::exception-derived type ";
        -: 5154:#endif
        -: 5155:      *listener << "with description \"" << err.what() << "\"";
        -: 5156:      return false;
        -: 5157:    } catch (...) {
        -: 5158:      *listener << "throws an exception of an unknown type";
        -: 5159:      return false;
        -: 5160:    }
        -: 5161:
        -: 5162:    *listener << "does not throw any exception";
        -: 5163:    return false;
        -: 5164:  }
        -: 5165:
        -: 5166: private:
        -: 5167:  const Matcher<const Err&> matcher_;
        -: 5168:};
        -: 5169:
        -: 5170:}  // namespace internal
        -: 5171:
        -: 5172:// Throws()
        -: 5173:// Throws(exceptionMatcher)
        -: 5174:// ThrowsMessage(messageMatcher)
        -: 5175://
        -: 5176:// This matcher accepts a callable and verifies that when invoked, it throws
        -: 5177:// an exception with the given type and properties.
        -: 5178://
        -: 5179:// Examples:
        -: 5180://
        -: 5181://   EXPECT_THAT(
        -: 5182://       []() { throw std::runtime_error("message"); },
        -: 5183://       Throws<std::runtime_error>());
        -: 5184://
        -: 5185://   EXPECT_THAT(
        -: 5186://       []() { throw std::runtime_error("message"); },
        -: 5187://       ThrowsMessage<std::runtime_error>(HasSubstr("message")));
        -: 5188://
        -: 5189://   EXPECT_THAT(
        -: 5190://       []() { throw std::runtime_error("message"); },
        -: 5191://       Throws<std::runtime_error>(
        -: 5192://           Property(&std::runtime_error::what, HasSubstr("message"))));
        -: 5193:
        -: 5194:template <typename Err>
        -: 5195:PolymorphicMatcher<internal::ExceptionMatcherImpl<Err>> Throws() {
        -: 5196:  return MakePolymorphicMatcher(
        -: 5197:      internal::ExceptionMatcherImpl<Err>(A<const Err&>()));
        -: 5198:}
        -: 5199:
        -: 5200:template <typename Err, typename ExceptionMatcher>
        -: 5201:PolymorphicMatcher<internal::ExceptionMatcherImpl<Err>> Throws(
        -: 5202:    const ExceptionMatcher& exception_matcher) {
        -: 5203:  // Using matcher cast allows users to pass a matcher of a more broad type.
        -: 5204:  // For example user may want to pass Matcher<std::exception>
        -: 5205:  // to Throws<std::runtime_error>, or Matcher<int64> to Throws<int32>.
        -: 5206:  return MakePolymorphicMatcher(internal::ExceptionMatcherImpl<Err>(
        -: 5207:      SafeMatcherCast<const Err&>(exception_matcher)));
        -: 5208:}
        -: 5209:
        -: 5210:template <typename Err, typename MessageMatcher>
        -: 5211:PolymorphicMatcher<internal::ExceptionMatcherImpl<Err>> ThrowsMessage(
        -: 5212:    MessageMatcher&& message_matcher) {
        -: 5213:  static_assert(std::is_base_of<std::exception, Err>::value,
        -: 5214:                "expected an std::exception-derived type");
        -: 5215:  return Throws<Err>(internal::WithWhat(
        -: 5216:      MatcherCast<std::string>(std::forward<MessageMatcher>(message_matcher))));
        -: 5217:}
        -: 5218:
        -: 5219:#endif  // GTEST_HAS_EXCEPTIONS
        -: 5220:
        -: 5221:// These macros allow using matchers to check values in Google Test
        -: 5222:// tests.  ASSERT_THAT(value, matcher) and EXPECT_THAT(value, matcher)
        -: 5223:// succeed if and only if the value matches the matcher.  If the assertion
        -: 5224:// fails, the value and the description of the matcher will be printed.
        -: 5225:#define ASSERT_THAT(value, matcher) ASSERT_PRED_FORMAT1(\
        -: 5226:    ::testing::internal::MakePredicateFormatterFromMatcher(matcher), value)
        -: 5227:#define EXPECT_THAT(value, matcher) EXPECT_PRED_FORMAT1(\
        -: 5228:    ::testing::internal::MakePredicateFormatterFromMatcher(matcher), value)
        -: 5229:
        -: 5230:// MATCHER* macroses itself are listed below.
        -: 5231:#define MATCHER(name, description)                                             \
        -: 5232:  class name##Matcher                                                          \
        -: 5233:      : public ::testing::internal::MatcherBaseImpl<name##Matcher> {           \
        -: 5234:   public:                                                                     \
        -: 5235:    template <typename arg_type>                                               \
        -: 5236:    class gmock_Impl : public ::testing::MatcherInterface<const arg_type&> {   \
        -: 5237:     public:                                                                   \
        -: 5238:      gmock_Impl() {}                                                          \
        -: 5239:      bool MatchAndExplain(                                                    \
        -: 5240:          const arg_type& arg,                                                 \
        -: 5241:          ::testing::MatchResultListener* result_listener) const override;     \
        -: 5242:      void DescribeTo(::std::ostream* gmock_os) const override {               \
        -: 5243:        *gmock_os << FormatDescription(false);                                 \
        -: 5244:      }                                                                        \
        -: 5245:      void DescribeNegationTo(::std::ostream* gmock_os) const override {       \
        -: 5246:        *gmock_os << FormatDescription(true);                                  \
        -: 5247:      }                                                                        \
        -: 5248:                                                                               \
        -: 5249:     private:                                                                  \
        -: 5250:      ::std::string FormatDescription(bool negation) const {                   \
        -: 5251:        ::std::string gmock_description = (description);                       \
        -: 5252:        if (!gmock_description.empty()) {                                      \
        -: 5253:          return gmock_description;                                            \
        -: 5254:        }                                                                      \
        -: 5255:        return ::testing::internal::FormatMatcherDescription(negation, #name,  \
        -: 5256:                                                             {});              \
        -: 5257:      }                                                                        \
        -: 5258:    };                                                                         \
        -: 5259:  };                                                                           \
        -: 5260:  GTEST_ATTRIBUTE_UNUSED_ inline name##Matcher name() { return {}; }           \
        -: 5261:  template <typename arg_type>                                                 \
        -: 5262:  bool name##Matcher::gmock_Impl<arg_type>::MatchAndExplain(                   \
        -: 5263:      const arg_type& arg,                                                     \
        -: 5264:      ::testing::MatchResultListener* result_listener GTEST_ATTRIBUTE_UNUSED_) \
        -: 5265:      const
        -: 5266:
        -: 5267:#define MATCHER_P(name, p0, description) \
        -: 5268:  GMOCK_INTERNAL_MATCHER(name, name##MatcherP, description, (p0))
        -: 5269:#define MATCHER_P2(name, p0, p1, description) \
        -: 5270:  GMOCK_INTERNAL_MATCHER(name, name##MatcherP2, description, (p0, p1))
        -: 5271:#define MATCHER_P3(name, p0, p1, p2, description) \
        -: 5272:  GMOCK_INTERNAL_MATCHER(name, name##MatcherP3, description, (p0, p1, p2))
        -: 5273:#define MATCHER_P4(name, p0, p1, p2, p3, description) \
        -: 5274:  GMOCK_INTERNAL_MATCHER(name, name##MatcherP4, description, (p0, p1, p2, p3))
        -: 5275:#define MATCHER_P5(name, p0, p1, p2, p3, p4, description)    \
        -: 5276:  GMOCK_INTERNAL_MATCHER(name, name##MatcherP5, description, \
        -: 5277:                         (p0, p1, p2, p3, p4))
        -: 5278:#define MATCHER_P6(name, p0, p1, p2, p3, p4, p5, description) \
        -: 5279:  GMOCK_INTERNAL_MATCHER(name, name##MatcherP6, description,  \
        -: 5280:                         (p0, p1, p2, p3, p4, p5))
        -: 5281:#define MATCHER_P7(name, p0, p1, p2, p3, p4, p5, p6, description) \
        -: 5282:  GMOCK_INTERNAL_MATCHER(name, name##MatcherP7, description,      \
        -: 5283:                         (p0, p1, p2, p3, p4, p5, p6))
        -: 5284:#define MATCHER_P8(name, p0, p1, p2, p3, p4, p5, p6, p7, description) \
        -: 5285:  GMOCK_INTERNAL_MATCHER(name, name##MatcherP8, description,          \
        -: 5286:                         (p0, p1, p2, p3, p4, p5, p6, p7))
        -: 5287:#define MATCHER_P9(name, p0, p1, p2, p3, p4, p5, p6, p7, p8, description) \
        -: 5288:  GMOCK_INTERNAL_MATCHER(name, name##MatcherP9, description,              \
        -: 5289:                         (p0, p1, p2, p3, p4, p5, p6, p7, p8))
        -: 5290:#define MATCHER_P10(name, p0, p1, p2, p3, p4, p5, p6, p7, p8, p9, description) \
        -: 5291:  GMOCK_INTERNAL_MATCHER(name, name##MatcherP10, description,                  \
        -: 5292:                         (p0, p1, p2, p3, p4, p5, p6, p7, p8, p9))
        -: 5293:
        -: 5294:#define GMOCK_INTERNAL_MATCHER(name, full_name, description, args)             \
        -: 5295:  template <GMOCK_INTERNAL_MATCHER_TEMPLATE_PARAMS(args)>                      \
        -: 5296:  class full_name : public ::testing::internal::MatcherBaseImpl<               \
        -: 5297:                        full_name<GMOCK_INTERNAL_MATCHER_TYPE_PARAMS(args)>> { \
        -: 5298:   public:                                                                     \
        -: 5299:    using full_name::MatcherBaseImpl::MatcherBaseImpl;                         \
        -: 5300:    template <typename arg_type>                                               \
        -: 5301:    class gmock_Impl : public ::testing::MatcherInterface<const arg_type&> {   \
        -: 5302:     public:                                                                   \
        -: 5303:      explicit gmock_Impl(GMOCK_INTERNAL_MATCHER_FUNCTION_ARGS(args))          \
        -: 5304:          : GMOCK_INTERNAL_MATCHER_FORWARD_ARGS(args) {}                       \
        -: 5305:      bool MatchAndExplain(                                                    \
        -: 5306:          const arg_type& arg,                                                 \
        -: 5307:          ::testing::MatchResultListener* result_listener) const override;     \
        -: 5308:      void DescribeTo(::std::ostream* gmock_os) const override {               \
        -: 5309:        *gmock_os << FormatDescription(false);                                 \
        -: 5310:      }                                                                        \
        -: 5311:      void DescribeNegationTo(::std::ostream* gmock_os) const override {       \
        -: 5312:        *gmock_os << FormatDescription(true);                                  \
        -: 5313:      }                                                                        \
        -: 5314:      GMOCK_INTERNAL_MATCHER_MEMBERS(args)                                     \
        -: 5315:                                                                               \
        -: 5316:     private:                                                                  \
        -: 5317:      ::std::string FormatDescription(bool negation) const {                   \
        -: 5318:        ::std::string gmock_description = (description);                       \
        -: 5319:        if (!gmock_description.empty()) {                                      \
        -: 5320:          return gmock_description;                                            \
        -: 5321:        }                                                                      \
        -: 5322:        return ::testing::internal::FormatMatcherDescription(                  \
        -: 5323:            negation, #name,                                                   \
        -: 5324:            ::testing::internal::UniversalTersePrintTupleFieldsToStrings(      \
        -: 5325:                ::std::tuple<GMOCK_INTERNAL_MATCHER_TYPE_PARAMS(args)>(        \
        -: 5326:                    GMOCK_INTERNAL_MATCHER_MEMBERS_USAGE(args))));             \
        -: 5327:      }                                                                        \
        -: 5328:    };                                                                         \
        -: 5329:  };                                                                           \
        -: 5330:  template <GMOCK_INTERNAL_MATCHER_TEMPLATE_PARAMS(args)>                      \
        -: 5331:  inline full_name<GMOCK_INTERNAL_MATCHER_TYPE_PARAMS(args)> name(             \
        -: 5332:      GMOCK_INTERNAL_MATCHER_FUNCTION_ARGS(args)) {                            \
        -: 5333:    return full_name<GMOCK_INTERNAL_MATCHER_TYPE_PARAMS(args)>(                \
        -: 5334:        GMOCK_INTERNAL_MATCHER_ARGS_USAGE(args));                              \
        -: 5335:  }                                                                            \
        -: 5336:  template <GMOCK_INTERNAL_MATCHER_TEMPLATE_PARAMS(args)>                      \
        -: 5337:  template <typename arg_type>                                                 \
        -: 5338:  bool full_name<GMOCK_INTERNAL_MATCHER_TYPE_PARAMS(args)>::gmock_Impl<        \
        -: 5339:      arg_type>::MatchAndExplain(const arg_type& arg,                          \
        -: 5340:                                 ::testing::MatchResultListener*               \
        -: 5341:                                     result_listener GTEST_ATTRIBUTE_UNUSED_)  \
        -: 5342:      const
        -: 5343:
        -: 5344:#define GMOCK_INTERNAL_MATCHER_TEMPLATE_PARAMS(args) \
        -: 5345:  GMOCK_PP_TAIL(                                     \
        -: 5346:      GMOCK_PP_FOR_EACH(GMOCK_INTERNAL_MATCHER_TEMPLATE_PARAM, , args))
        -: 5347:#define GMOCK_INTERNAL_MATCHER_TEMPLATE_PARAM(i_unused, data_unused, arg) \
        -: 5348:  , typename arg##_type
        -: 5349:
        -: 5350:#define GMOCK_INTERNAL_MATCHER_TYPE_PARAMS(args) \
        -: 5351:  GMOCK_PP_TAIL(GMOCK_PP_FOR_EACH(GMOCK_INTERNAL_MATCHER_TYPE_PARAM, , args))
        -: 5352:#define GMOCK_INTERNAL_MATCHER_TYPE_PARAM(i_unused, data_unused, arg) \
        -: 5353:  , arg##_type
        -: 5354:
        -: 5355:#define GMOCK_INTERNAL_MATCHER_FUNCTION_ARGS(args) \
        -: 5356:  GMOCK_PP_TAIL(dummy_first GMOCK_PP_FOR_EACH(     \
        -: 5357:      GMOCK_INTERNAL_MATCHER_FUNCTION_ARG, , args))
        -: 5358:#define GMOCK_INTERNAL_MATCHER_FUNCTION_ARG(i, data_unused, arg) \
        -: 5359:  , arg##_type gmock_p##i
        -: 5360:
        -: 5361:#define GMOCK_INTERNAL_MATCHER_FORWARD_ARGS(args) \
        -: 5362:  GMOCK_PP_TAIL(GMOCK_PP_FOR_EACH(GMOCK_INTERNAL_MATCHER_FORWARD_ARG, , args))
        -: 5363:#define GMOCK_INTERNAL_MATCHER_FORWARD_ARG(i, data_unused, arg) \
        -: 5364:  , arg(::std::forward<arg##_type>(gmock_p##i))
        -: 5365:
        -: 5366:#define GMOCK_INTERNAL_MATCHER_MEMBERS(args) \
        -: 5367:  GMOCK_PP_FOR_EACH(GMOCK_INTERNAL_MATCHER_MEMBER, , args)
        -: 5368:#define GMOCK_INTERNAL_MATCHER_MEMBER(i_unused, data_unused, arg) \
        -: 5369:  const arg##_type arg;
        -: 5370:
        -: 5371:#define GMOCK_INTERNAL_MATCHER_MEMBERS_USAGE(args) \
        -: 5372:  GMOCK_PP_TAIL(GMOCK_PP_FOR_EACH(GMOCK_INTERNAL_MATCHER_MEMBER_USAGE, , args))
        -: 5373:#define GMOCK_INTERNAL_MATCHER_MEMBER_USAGE(i_unused, data_unused, arg) , arg
        -: 5374:
        -: 5375:#define GMOCK_INTERNAL_MATCHER_ARGS_USAGE(args) \
        -: 5376:  GMOCK_PP_TAIL(GMOCK_PP_FOR_EACH(GMOCK_INTERNAL_MATCHER_ARG_USAGE, , args))
        -: 5377:#define GMOCK_INTERNAL_MATCHER_ARG_USAGE(i, data_unused, arg_unused) \
        -: 5378:  , gmock_p##i
        -: 5379:
        -: 5380:// To prevent ADL on certain functions we put them on a separate namespace.
        -: 5381:using namespace no_adl;  // NOLINT
        -: 5382:
        -: 5383:}  // namespace testing
        -: 5384:
        -: 5385:GTEST_DISABLE_MSC_WARNINGS_POP_()  //  4251 5046
        -: 5386:
        -: 5387:// Include any custom callback matchers added by the local installation.
        -: 5388:// We must include this header at the end to make sure it can use the
        -: 5389:// declarations from this file.
        -: 5390:#include "gmock/internal/custom/gmock-matchers.h"
        -: 5391:
        -: 5392:#endif  // GMOCK_INCLUDE_GMOCK_GMOCK_MATCHERS_H_
